[2024-11-25T08:49:05.322+0000] {manager.py:483} INFO - Processing files using up to 1 processes at a time 
[2024-11-25T08:49:05.323+0000] {manager.py:484} INFO - Process each file at most once every 30 seconds
[2024-11-25T08:49:05.324+0000] {manager.py:485} INFO - Checking for new files in /opt/airflow/dags every 300 seconds
[2024-11-25T08:49:05.324+0000] {manager.py:821} INFO - Searching for files in /opt/airflow/dags
[2024-11-25T08:49:05.326+0000] {manager.py:824} INFO - There are 0 files in /opt/airflow/dags
[2024-11-25T08:54:05.737+0000] {manager.py:821} INFO - Searching for files in /opt/airflow/dags
[2024-11-25T08:54:05.740+0000] {manager.py:824} INFO - There are 0 files in /opt/airflow/dags
[2024-11-25T08:59:05.861+0000] {manager.py:821} INFO - Searching for files in /opt/airflow/dags
[2024-11-25T08:59:05.866+0000] {manager.py:824} INFO - There are 0 files in /opt/airflow/dags
[2024-11-25T09:04:06.573+0000] {manager.py:821} INFO - Searching for files in /opt/airflow/dags
[2024-11-25T09:04:06.619+0000] {manager.py:824} INFO - There are 0 files in /opt/airflow/dags
[2024-11-25T09:09:06.679+0000] {manager.py:821} INFO - Searching for files in /opt/airflow/dags
[2024-11-25T09:09:06.704+0000] {manager.py:824} INFO - There are 0 files in /opt/airflow/dags
[2024-11-25T09:14:07.481+0000] {manager.py:821} INFO - Searching for files in /opt/airflow/dags
[2024-11-25T09:14:07.496+0000] {manager.py:824} INFO - There are 0 files in /opt/airflow/dags
[2024-11-25T09:19:08.106+0000] {manager.py:821} INFO - Searching for files in /opt/airflow/dags
[2024-11-25T09:19:08.143+0000] {manager.py:824} INFO - There are 0 files in /opt/airflow/dags
[2024-11-25T09:24:08.247+0000] {manager.py:821} INFO - Searching for files in /opt/airflow/dags
[2024-11-25T09:24:08.276+0000] {manager.py:824} INFO - There are 0 files in /opt/airflow/dags
[2024-11-25T09:29:08.928+0000] {manager.py:821} INFO - Searching for files in /opt/airflow/dags
[2024-11-25T09:29:08.961+0000] {manager.py:824} INFO - There are 0 files in /opt/airflow/dags
[2024-11-25T09:34:08.934+0000] {manager.py:821} INFO - Searching for files in /opt/airflow/dags
[2024-11-25T09:34:08.957+0000] {manager.py:824} INFO - There are 0 files in /opt/airflow/dags
[2024-11-25T09:39:09.722+0000] {manager.py:821} INFO - Searching for files in /opt/airflow/dags
[2024-11-25T09:39:09.742+0000] {manager.py:824} INFO - There are 0 files in /opt/airflow/dags
[2024-11-25T09:44:10.691+0000] {manager.py:821} INFO - Searching for files in /opt/airflow/dags
[2024-11-25T09:44:10.710+0000] {manager.py:824} INFO - There are 0 files in /opt/airflow/dags
[2024-11-25T09:49:11.744+0000] {manager.py:821} INFO - Searching for files in /opt/airflow/dags
[2024-11-25T09:49:11.785+0000] {manager.py:824} INFO - There are 0 files in /opt/airflow/dags
[2024-11-25T09:54:12.210+0000] {manager.py:821} INFO - Searching for files in /opt/airflow/dags
[2024-11-25T09:54:12.224+0000] {manager.py:824} INFO - There are 0 files in /opt/airflow/dags
[2024-11-25T09:59:12.857+0000] {manager.py:821} INFO - Searching for files in /opt/airflow/dags
[2024-11-25T09:59:12.898+0000] {manager.py:824} INFO - There are 0 files in /opt/airflow/dags
[2024-11-25T10:04:12.997+0000] {manager.py:821} INFO - Searching for files in /opt/airflow/dags
[2024-11-25T10:04:13.030+0000] {manager.py:824} INFO - There are 0 files in /opt/airflow/dags
[2024-11-25T10:09:13.917+0000] {manager.py:821} INFO - Searching for files in /opt/airflow/dags
[2024-11-25T10:09:13.942+0000] {manager.py:824} INFO - There are 0 files in /opt/airflow/dags
[2024-11-25T10:14:14.062+0000] {manager.py:821} INFO - Searching for files in /opt/airflow/dags
[2024-11-25T10:14:14.080+0000] {manager.py:824} INFO - There are 0 files in /opt/airflow/dags
[2024-11-25T10:19:14.197+0000] {manager.py:821} INFO - Searching for files in /opt/airflow/dags
[2024-11-25T10:19:14.210+0000] {manager.py:824} INFO - There are 0 files in /opt/airflow/dags
[2024-11-25T10:24:14.678+0000] {manager.py:821} INFO - Searching for files in /opt/airflow/dags
[2024-11-25T10:24:14.696+0000] {manager.py:824} INFO - There are 0 files in /opt/airflow/dags
[2024-11-25T10:29:15.494+0000] {manager.py:821} INFO - Searching for files in /opt/airflow/dags
[2024-11-25T10:29:15.514+0000] {manager.py:824} INFO - There are 0 files in /opt/airflow/dags
[2024-11-25T10:34:16.238+0000] {manager.py:821} INFO - Searching for files in /opt/airflow/dags
[2024-11-25T10:34:16.278+0000] {manager.py:824} INFO - There are 0 files in /opt/airflow/dags
[2024-11-25T10:39:17.088+0000] {manager.py:821} INFO - Searching for files in /opt/airflow/dags
[2024-11-25T10:39:17.146+0000] {manager.py:824} INFO - There are 0 files in /opt/airflow/dags
[2024-11-25T10:44:17.467+0000] {manager.py:821} INFO - Searching for files in /opt/airflow/dags
[2024-11-25T10:44:17.504+0000] {manager.py:824} INFO - There are 0 files in /opt/airflow/dags
[2024-11-25T10:49:17.986+0000] {manager.py:821} INFO - Searching for files in /opt/airflow/dags
[2024-11-25T10:49:18.007+0000] {manager.py:824} INFO - There are 0 files in /opt/airflow/dags
[2024-11-25T10:54:18.115+0000] {manager.py:821} INFO - Searching for files in /opt/airflow/dags
[2024-11-25T10:54:18.125+0000] {manager.py:824} INFO - There are 0 files in /opt/airflow/dags
[2024-11-25T10:59:18.755+0000] {manager.py:821} INFO - Searching for files in /opt/airflow/dags
[2024-11-25T10:59:18.777+0000] {manager.py:824} INFO - There are 0 files in /opt/airflow/dags
[2024-11-25T11:04:19.363+0000] {manager.py:821} INFO - Searching for files in /opt/airflow/dags
[2024-11-25T11:04:19.382+0000] {manager.py:824} INFO - There are 0 files in /opt/airflow/dags
[2024-11-25T11:09:20.388+0000] {manager.py:821} INFO - Searching for files in /opt/airflow/dags
[2024-11-25T11:09:20.406+0000] {manager.py:824} INFO - There are 0 files in /opt/airflow/dags
[2024-11-25T11:14:20.738+0000] {manager.py:821} INFO - Searching for files in /opt/airflow/dags
[2024-11-25T11:14:20.747+0000] {manager.py:824} INFO - There are 0 files in /opt/airflow/dags
[2024-11-25T11:19:21.434+0000] {manager.py:821} INFO - Searching for files in /opt/airflow/dags
[2024-11-25T11:19:21.455+0000] {manager.py:824} INFO - There are 0 files in /opt/airflow/dags
[2024-11-25T11:24:22.087+0000] {manager.py:821} INFO - Searching for files in /opt/airflow/dags
[2024-11-25T11:24:22.101+0000] {manager.py:824} INFO - There are 0 files in /opt/airflow/dags
[2024-11-25T11:29:23.149+0000] {manager.py:821} INFO - Searching for files in /opt/airflow/dags
[2024-11-25T11:29:23.161+0000] {manager.py:824} INFO - There are 0 files in /opt/airflow/dags
[2024-11-25T11:34:23.230+0000] {manager.py:821} INFO - Searching for files in /opt/airflow/dags
[2024-11-25T11:34:23.252+0000] {manager.py:824} INFO - There are 0 files in /opt/airflow/dags
[2024-11-25T11:39:23.785+0000] {manager.py:821} INFO - Searching for files in /opt/airflow/dags
[2024-11-25T11:39:23.795+0000] {manager.py:824} INFO - There are 0 files in /opt/airflow/dags
[2024-11-25T11:44:24.682+0000] {manager.py:821} INFO - Searching for files in /opt/airflow/dags
[2024-11-25T11:44:24.692+0000] {manager.py:824} INFO - There are 0 files in /opt/airflow/dags
[2024-11-25T11:49:25.810+0000] {manager.py:821} INFO - Searching for files in /opt/airflow/dags
[2024-11-25T11:49:25.834+0000] {manager.py:824} INFO - There are 0 files in /opt/airflow/dags
[2024-11-25T11:54:26.210+0000] {manager.py:821} INFO - Searching for files in /opt/airflow/dags
[2024-11-25T11:54:26.233+0000] {manager.py:824} INFO - There are 0 files in /opt/airflow/dags
[2024-11-25T11:59:27.229+0000] {manager.py:821} INFO - Searching for files in /opt/airflow/dags
[2024-11-25T11:59:27.253+0000] {manager.py:824} INFO - There are 0 files in /opt/airflow/dags
[2024-11-25T12:04:46.013+0000] {manager.py:483} INFO - Processing files using up to 1 processes at a time 
[2024-11-25T12:04:46.014+0000] {manager.py:484} INFO - Process each file at most once every 30 seconds
[2024-11-25T12:04:46.015+0000] {manager.py:485} INFO - Checking for new files in /opt/airflow/dags every 300 seconds
[2024-11-25T12:04:46.015+0000] {manager.py:821} INFO - Searching for files in /opt/airflow/dags
[2024-11-25T12:04:46.024+0000] {manager.py:824} INFO - There are 0 files in /opt/airflow/dags
[2024-11-25T12:09:46.457+0000] {manager.py:821} INFO - Searching for files in /opt/airflow/dags
[2024-11-25T12:09:46.473+0000] {manager.py:824} INFO - There are 0 files in /opt/airflow/dags
[2024-11-25T12:14:46.512+0000] {manager.py:821} INFO - Searching for files in /opt/airflow/dags
[2024-11-25T12:14:46.523+0000] {manager.py:824} INFO - There are 0 files in /opt/airflow/dags
[2024-11-25T12:19:46.806+0000] {manager.py:821} INFO - Searching for files in /opt/airflow/dags
[2024-11-25T12:19:46.816+0000] {manager.py:824} INFO - There are 0 files in /opt/airflow/dags
[2024-11-25T12:24:47.081+0000] {manager.py:821} INFO - Searching for files in /opt/airflow/dags
[2024-11-25T12:24:47.090+0000] {manager.py:824} INFO - There are 0 files in /opt/airflow/dags
[2024-11-25T12:42:10.783+0000] {manager.py:821} INFO - Searching for files in /opt/airflow/dags
[2024-11-25T12:42:11.206+0000] {manager.py:824} INFO - There are 0 files in /opt/airflow/dags
[2024-11-25T12:47:11.875+0000] {manager.py:821} INFO - Searching for files in /opt/airflow/dags
[2024-11-25T12:47:11.887+0000] {manager.py:824} INFO - There are 0 files in /opt/airflow/dags
[2024-11-25T12:52:12.446+0000] {manager.py:821} INFO - Searching for files in /opt/airflow/dags
[2024-11-25T12:52:12.455+0000] {manager.py:824} INFO - There are 0 files in /opt/airflow/dags
[2024-11-25T12:57:13.544+0000] {manager.py:821} INFO - Searching for files in /opt/airflow/dags
[2024-11-25T12:57:13.552+0000] {manager.py:824} INFO - There are 0 files in /opt/airflow/dags
[2024-11-25T13:02:14.710+0000] {manager.py:821} INFO - Searching for files in /opt/airflow/dags
[2024-11-25T13:02:14.729+0000] {manager.py:824} INFO - There are 0 files in /opt/airflow/dags
[2024-11-25T13:07:15.083+0000] {manager.py:821} INFO - Searching for files in /opt/airflow/dags
[2024-11-25T13:07:15.093+0000] {manager.py:824} INFO - There are 0 files in /opt/airflow/dags
[2024-11-25T13:12:15.452+0000] {manager.py:821} INFO - Searching for files in /opt/airflow/dags
[2024-11-25T13:12:15.463+0000] {manager.py:824} INFO - There are 0 files in /opt/airflow/dags
[2024-11-25T13:17:16.508+0000] {manager.py:821} INFO - Searching for files in /opt/airflow/dags
[2024-11-25T13:17:16.519+0000] {manager.py:824} INFO - There are 0 files in /opt/airflow/dags
[2024-11-25T13:22:17.503+0000] {manager.py:821} INFO - Searching for files in /opt/airflow/dags
[2024-11-25T13:22:17.533+0000] {manager.py:824} INFO - There are 0 files in /opt/airflow/dags
[2024-11-25T13:27:18.110+0000] {manager.py:821} INFO - Searching for files in /opt/airflow/dags
[2024-11-25T13:27:18.122+0000] {manager.py:824} INFO - There are 0 files in /opt/airflow/dags
[2024-11-25T13:32:18.473+0000] {manager.py:821} INFO - Searching for files in /opt/airflow/dags
[2024-11-25T13:32:18.483+0000] {manager.py:824} INFO - There are 0 files in /opt/airflow/dags
[2024-11-25T13:37:18.897+0000] {manager.py:821} INFO - Searching for files in /opt/airflow/dags
[2024-11-25T13:37:18.910+0000] {manager.py:824} INFO - There are 0 files in /opt/airflow/dags
[2024-11-25T13:42:19.030+0000] {manager.py:821} INFO - Searching for files in /opt/airflow/dags
[2024-11-25T13:42:19.053+0000] {manager.py:824} INFO - There are 0 files in /opt/airflow/dags
[2024-11-25T13:47:19.570+0000] {manager.py:821} INFO - Searching for files in /opt/airflow/dags
[2024-11-25T13:47:19.583+0000] {manager.py:824} INFO - There are 0 files in /opt/airflow/dags
[2024-11-25T13:52:20.332+0000] {manager.py:821} INFO - Searching for files in /opt/airflow/dags
[2024-11-25T13:52:20.340+0000] {manager.py:824} INFO - There are 0 files in /opt/airflow/dags
[2024-11-25T13:57:20.554+0000] {manager.py:821} INFO - Searching for files in /opt/airflow/dags
[2024-11-25T13:57:20.573+0000] {manager.py:824} INFO - There are 0 files in /opt/airflow/dags
[2024-11-25T14:02:20.600+0000] {manager.py:821} INFO - Searching for files in /opt/airflow/dags
[2024-11-25T14:02:20.617+0000] {manager.py:824} INFO - There are 0 files in /opt/airflow/dags
[2024-11-25T14:07:21.475+0000] {manager.py:821} INFO - Searching for files in /opt/airflow/dags
[2024-11-25T14:07:21.493+0000] {manager.py:824} INFO - There are 0 files in /opt/airflow/dags
[2024-11-25T14:12:21.862+0000] {manager.py:821} INFO - Searching for files in /opt/airflow/dags
[2024-11-25T14:12:21.879+0000] {manager.py:824} INFO - There are 0 files in /opt/airflow/dags
[2024-11-25T14:17:22.532+0000] {manager.py:821} INFO - Searching for files in /opt/airflow/dags
[2024-11-25T14:17:22.550+0000] {manager.py:824} INFO - There are 0 files in /opt/airflow/dags
[2024-11-25T14:22:23.073+0000] {manager.py:821} INFO - Searching for files in /opt/airflow/dags
[2024-11-25T14:22:23.085+0000] {manager.py:824} INFO - There are 0 files in /opt/airflow/dags
[2024-11-25T14:27:23.315+0000] {manager.py:821} INFO - Searching for files in /opt/airflow/dags
[2024-11-25T14:27:23.329+0000] {manager.py:824} INFO - There are 0 files in /opt/airflow/dags
[2024-11-25T14:32:23.770+0000] {manager.py:821} INFO - Searching for files in /opt/airflow/dags
[2024-11-25T14:32:23.778+0000] {manager.py:824} INFO - There are 0 files in /opt/airflow/dags
[2024-11-25T14:37:23.794+0000] {manager.py:821} INFO - Searching for files in /opt/airflow/dags
[2024-11-25T14:37:23.811+0000] {manager.py:824} INFO - There are 0 files in /opt/airflow/dags
[2024-11-25T14:42:24.174+0000] {manager.py:821} INFO - Searching for files in /opt/airflow/dags
[2024-11-25T14:42:24.239+0000] {manager.py:824} INFO - There are 1 files in /opt/airflow/dags
[2024-11-25T14:42:49.719+0000] {manager.py:997} INFO - 
================================================================================
DAG File Processing Stats

File Path                              PID    Runtime      # DAGs    # Errors  Last Runtime    Last Run               Last # of DB Queries
-------------------------------------  -----  ---------  --------  ----------  --------------  -------------------  ----------------------
/opt/airflow/dags/weather_pipeline.py                           1           0  3.56s           2024-11-25T14:42:28                      45
================================================================================
[2024-11-25T14:43:21.159+0000] {manager.py:997} INFO - 
================================================================================
DAG File Processing Stats

File Path                              PID    Runtime      # DAGs    # Errors  Last Runtime    Last Run               Last # of DB Queries
-------------------------------------  -----  ---------  --------  ----------  --------------  -------------------  ----------------------
/opt/airflow/dags/weather_pipeline.py                           1           0  0.42s           2024-11-25T14:42:59                      12
================================================================================
[2024-11-25T14:43:51.466+0000] {manager.py:997} INFO - 
================================================================================
DAG File Processing Stats

File Path                              PID    Runtime      # DAGs    # Errors  Last Runtime    Last Run               Last # of DB Queries
-------------------------------------  -----  ---------  --------  ----------  --------------  -------------------  ----------------------
/opt/airflow/dags/weather_pipeline.py                           1           0  0.41s           2024-11-25T14:43:30                      12
================================================================================
[2024-11-25T14:44:36.879+0000] {manager.py:997} INFO - 
================================================================================
DAG File Processing Stats

File Path                              PID    Runtime      # DAGs    # Errors  Last Runtime    Last Run               Last # of DB Queries
-------------------------------------  -----  ---------  --------  ----------  --------------  -------------------  ----------------------
/opt/airflow/dags/weather_pipeline.py                           1           0  0.51s           2024-11-25T14:44:36                      12
================================================================================
[2024-11-25T14:45:09.237+0000] {manager.py:997} INFO - 
================================================================================
DAG File Processing Stats

File Path                              PID    Runtime      # DAGs    # Errors  Last Runtime    Last Run               Last # of DB Queries
-------------------------------------  -----  ---------  --------  ----------  --------------  -------------------  ----------------------
/opt/airflow/dags/weather_pipeline.py                           1           0  0.71s           2024-11-25T14:45:09                      12
================================================================================
[2024-11-25T14:45:42.888+0000] {manager.py:997} INFO - 
================================================================================
DAG File Processing Stats

File Path                              PID    Runtime      # DAGs    # Errors  Last Runtime    Last Run               Last # of DB Queries
-------------------------------------  -----  ---------  --------  ----------  --------------  -------------------  ----------------------
/opt/airflow/dags/weather_pipeline.py                           1           0  0.41s           2024-11-25T14:45:42                      12
================================================================================
[2024-11-25T14:46:14.170+0000] {manager.py:997} INFO - 
================================================================================
DAG File Processing Stats

File Path                              PID    Runtime      # DAGs    # Errors  Last Runtime    Last Run               Last # of DB Queries
-------------------------------------  -----  ---------  --------  ----------  --------------  -------------------  ----------------------
/opt/airflow/dags/weather_pipeline.py                           1           0  0.31s           2024-11-25T14:46:14                      12
================================================================================
[2024-11-25T14:46:46.244+0000] {manager.py:997} INFO - 
================================================================================
DAG File Processing Stats

File Path                              PID    Runtime      # DAGs    # Errors  Last Runtime    Last Run               Last # of DB Queries
-------------------------------------  -----  ---------  --------  ----------  --------------  -------------------  ----------------------
/opt/airflow/dags/weather_pipeline.py                           1           0  0.31s           2024-11-25T14:46:46                      12
================================================================================
[2024-11-25T14:47:18.489+0000] {manager.py:997} INFO - 
================================================================================
DAG File Processing Stats

File Path                              PID    Runtime      # DAGs    # Errors  Last Runtime    Last Run               Last # of DB Queries
-------------------------------------  -----  ---------  --------  ----------  --------------  -------------------  ----------------------
/opt/airflow/dags/weather_pipeline.py                           1           0  0.61s           2024-11-25T14:47:18                      12
================================================================================
[2024-11-25T14:47:25.297+0000] {manager.py:821} INFO - Searching for files in /opt/airflow/dags
[2024-11-25T14:47:25.334+0000] {manager.py:824} INFO - There are 1 files in /opt/airflow/dags
[2024-11-25T14:47:51.068+0000] {manager.py:997} INFO - 
================================================================================
DAG File Processing Stats

File Path                              PID    Runtime      # DAGs    # Errors  Last Runtime    Last Run               Last # of DB Queries
-------------------------------------  -----  ---------  --------  ----------  --------------  -------------------  ----------------------
/opt/airflow/dags/weather_pipeline.py                           1           0  0.61s           2024-11-25T14:47:51                      12
================================================================================
[2024-11-25T14:48:23.102+0000] {manager.py:997} INFO - 
================================================================================
DAG File Processing Stats

File Path                              PID    Runtime      # DAGs    # Errors  Last Runtime    Last Run               Last # of DB Queries
-------------------------------------  -----  ---------  --------  ----------  --------------  -------------------  ----------------------
/opt/airflow/dags/weather_pipeline.py                           1           0  0.51s           2024-11-25T14:48:23                      12
================================================================================
[2024-11-25T14:48:57.888+0000] {manager.py:997} INFO - 
================================================================================
DAG File Processing Stats

File Path                              PID    Runtime      # DAGs    # Errors  Last Runtime    Last Run               Last # of DB Queries
-------------------------------------  -----  ---------  --------  ----------  --------------  -------------------  ----------------------
/opt/airflow/dags/weather_pipeline.py                           1           0  0.31s           2024-11-25T14:48:57                      12
================================================================================
[2024-11-25T14:49:32.628+0000] {manager.py:997} INFO - 
================================================================================
DAG File Processing Stats

File Path                              PID    Runtime      # DAGs    # Errors  Last Runtime    Last Run               Last # of DB Queries
-------------------------------------  -----  ---------  --------  ----------  --------------  -------------------  ----------------------
/opt/airflow/dags/weather_pipeline.py                           1           0  0.31s           2024-11-25T14:49:32                      12
================================================================================
[2024-11-25T14:50:03.835+0000] {manager.py:997} INFO - 
================================================================================
DAG File Processing Stats

File Path                              PID    Runtime      # DAGs    # Errors  Last Runtime    Last Run               Last # of DB Queries
-------------------------------------  -----  ---------  --------  ----------  --------------  -------------------  ----------------------
/opt/airflow/dags/weather_pipeline.py                           1           0  0.31s           2024-11-25T14:50:03                      12
================================================================================
[2024-11-25T14:50:35.014+0000] {manager.py:997} INFO - 
================================================================================
DAG File Processing Stats

File Path                              PID    Runtime      # DAGs    # Errors  Last Runtime    Last Run               Last # of DB Queries
-------------------------------------  -----  ---------  --------  ----------  --------------  -------------------  ----------------------
/opt/airflow/dags/weather_pipeline.py                           1           0  0.31s           2024-11-25T14:50:35                      12
================================================================================
[2024-11-25T14:51:06.268+0000] {manager.py:997} INFO - 
================================================================================
DAG File Processing Stats

File Path                              PID    Runtime      # DAGs    # Errors  Last Runtime    Last Run               Last # of DB Queries
-------------------------------------  -----  ---------  --------  ----------  --------------  -------------------  ----------------------
/opt/airflow/dags/weather_pipeline.py                           1           0  0.41s           2024-11-25T14:51:06                      12
================================================================================
[2024-11-25T14:51:39.271+0000] {manager.py:997} INFO - 
================================================================================
DAG File Processing Stats

File Path                              PID    Runtime      # DAGs    # Errors  Last Runtime    Last Run               Last # of DB Queries
-------------------------------------  -----  ---------  --------  ----------  --------------  -------------------  ----------------------
/opt/airflow/dags/weather_pipeline.py                           1           0  0.31s           2024-11-25T14:51:39                      12
================================================================================
[2024-11-25T14:52:10.275+0000] {manager.py:997} INFO - 
================================================================================
DAG File Processing Stats

File Path                              PID    Runtime      # DAGs    # Errors  Last Runtime    Last Run               Last # of DB Queries
-------------------------------------  -----  ---------  --------  ----------  --------------  -------------------  ----------------------
/opt/airflow/dags/weather_pipeline.py                           1           0  0.41s           2024-11-25T14:52:10                      12
================================================================================
[2024-11-25T14:52:26.326+0000] {manager.py:821} INFO - Searching for files in /opt/airflow/dags
[2024-11-25T14:52:26.368+0000] {manager.py:824} INFO - There are 1 files in /opt/airflow/dags
[2024-11-25T14:52:43.927+0000] {manager.py:997} INFO - 
================================================================================
DAG File Processing Stats

File Path                              PID    Runtime      # DAGs    # Errors  Last Runtime    Last Run               Last # of DB Queries
-------------------------------------  -----  ---------  --------  ----------  --------------  -------------------  ----------------------
/opt/airflow/dags/weather_pipeline.py                           1           0  0.31s           2024-11-25T14:52:43                      12
================================================================================
[2024-11-25T14:53:18.320+0000] {manager.py:997} INFO - 
================================================================================
DAG File Processing Stats

File Path                              PID    Runtime      # DAGs    # Errors  Last Runtime    Last Run               Last # of DB Queries
-------------------------------------  -----  ---------  --------  ----------  --------------  -------------------  ----------------------
/opt/airflow/dags/weather_pipeline.py                           1           0  0.31s           2024-11-25T14:53:18                      12
================================================================================
[2024-11-25T14:53:55.021+0000] {manager.py:997} INFO - 
================================================================================
DAG File Processing Stats

File Path                              PID    Runtime      # DAGs    # Errors  Last Runtime    Last Run               Last # of DB Queries
-------------------------------------  -----  ---------  --------  ----------  --------------  -------------------  ----------------------
/opt/airflow/dags/weather_pipeline.py                           1           0  0.31s           2024-11-25T14:53:55                      12
================================================================================
[2024-11-25T14:54:31.862+0000] {manager.py:997} INFO - 
================================================================================
DAG File Processing Stats

File Path                              PID    Runtime      # DAGs    # Errors  Last Runtime    Last Run               Last # of DB Queries
-------------------------------------  -----  ---------  --------  ----------  --------------  -------------------  ----------------------
/opt/airflow/dags/weather_pipeline.py                           1           0  0.31s           2024-11-25T14:54:31                      12
================================================================================
[2024-11-25T14:55:06.512+0000] {manager.py:997} INFO - 
================================================================================
DAG File Processing Stats

File Path                              PID    Runtime      # DAGs    # Errors  Last Runtime    Last Run               Last # of DB Queries
-------------------------------------  -----  ---------  --------  ----------  --------------  -------------------  ----------------------
/opt/airflow/dags/weather_pipeline.py                           1           0  0.31s           2024-11-25T14:55:06                      12
================================================================================
[2024-11-25T14:55:43.017+0000] {manager.py:997} INFO - 
================================================================================
DAG File Processing Stats

File Path                              PID    Runtime      # DAGs    # Errors  Last Runtime    Last Run               Last # of DB Queries
-------------------------------------  -----  ---------  --------  ----------  --------------  -------------------  ----------------------
/opt/airflow/dags/weather_pipeline.py                           1           0  0.31s           2024-11-25T14:55:43                      12
================================================================================
[2024-11-25T14:56:18.987+0000] {manager.py:997} INFO - 
================================================================================
DAG File Processing Stats

File Path                              PID    Runtime      # DAGs    # Errors  Last Runtime    Last Run               Last # of DB Queries
-------------------------------------  -----  ---------  --------  ----------  --------------  -------------------  ----------------------
/opt/airflow/dags/weather_pipeline.py                           1           0  0.31s           2024-11-25T14:56:18                      12
================================================================================
[2024-11-25T14:56:50.355+0000] {manager.py:997} INFO - 
================================================================================
DAG File Processing Stats

File Path                              PID    Runtime      # DAGs    # Errors  Last Runtime    Last Run               Last # of DB Queries
-------------------------------------  -----  ---------  --------  ----------  --------------  -------------------  ----------------------
/opt/airflow/dags/weather_pipeline.py                           1           0  0.32s           2024-11-25T14:56:50                      12
================================================================================
[2024-11-25T14:57:21.933+0000] {manager.py:997} INFO - 
================================================================================
DAG File Processing Stats

File Path                              PID    Runtime      # DAGs    # Errors  Last Runtime    Last Run               Last # of DB Queries
-------------------------------------  -----  ---------  --------  ----------  --------------  -------------------  ----------------------
/opt/airflow/dags/weather_pipeline.py                           1           0  0.31s           2024-11-25T14:57:21                      12
================================================================================
[2024-11-25T14:57:28.958+0000] {manager.py:821} INFO - Searching for files in /opt/airflow/dags
[2024-11-25T14:57:29.003+0000] {manager.py:824} INFO - There are 1 files in /opt/airflow/dags
[2024-11-25T14:58:02.183+0000] {manager.py:997} INFO - 
================================================================================
DAG File Processing Stats

File Path                              PID    Runtime      # DAGs    # Errors  Last Runtime    Last Run               Last # of DB Queries
-------------------------------------  -----  ---------  --------  ----------  --------------  -------------------  ----------------------
/opt/airflow/dags/weather_pipeline.py                           1           0  0.31s           2024-11-25T14:58:02                      12
================================================================================
[2024-11-25T14:58:37.027+0000] {manager.py:997} INFO - 
================================================================================
DAG File Processing Stats

File Path                              PID    Runtime      # DAGs    # Errors  Last Runtime    Last Run               Last # of DB Queries
-------------------------------------  -----  ---------  --------  ----------  --------------  -------------------  ----------------------
/opt/airflow/dags/weather_pipeline.py                           1           0  0.31s           2024-11-25T14:58:37                      12
================================================================================
[2024-11-25T14:59:09.122+0000] {manager.py:997} INFO - 
================================================================================
DAG File Processing Stats

File Path                              PID    Runtime      # DAGs    # Errors  Last Runtime    Last Run               Last # of DB Queries
-------------------------------------  -----  ---------  --------  ----------  --------------  -------------------  ----------------------
/opt/airflow/dags/weather_pipeline.py                           1           0  0.31s           2024-11-25T14:59:09                      12
================================================================================
[2024-11-25T14:59:42.922+0000] {manager.py:997} INFO - 
================================================================================
DAG File Processing Stats

File Path                              PID    Runtime      # DAGs    # Errors  Last Runtime    Last Run               Last # of DB Queries
-------------------------------------  -----  ---------  --------  ----------  --------------  -------------------  ----------------------
/opt/airflow/dags/weather_pipeline.py                           1           0  0.31s           2024-11-25T14:59:42                      12
================================================================================
[2024-11-25T15:00:19.766+0000] {manager.py:997} INFO - 
================================================================================
DAG File Processing Stats

File Path                              PID    Runtime      # DAGs    # Errors  Last Runtime    Last Run               Last # of DB Queries
-------------------------------------  -----  ---------  --------  ----------  --------------  -------------------  ----------------------
/opt/airflow/dags/weather_pipeline.py                           1           0  0.31s           2024-11-25T15:00:19                      12
================================================================================
[2024-11-25T15:00:53.222+0000] {manager.py:997} INFO - 
================================================================================
DAG File Processing Stats

File Path                              PID    Runtime      # DAGs    # Errors  Last Runtime    Last Run               Last # of DB Queries
-------------------------------------  -----  ---------  --------  ----------  --------------  -------------------  ----------------------
/opt/airflow/dags/weather_pipeline.py                           1           0  0.41s           2024-11-25T15:00:53                      12
================================================================================
[2024-11-25T15:01:26.007+0000] {manager.py:997} INFO - 
================================================================================
DAG File Processing Stats

File Path                              PID    Runtime      # DAGs    # Errors  Last Runtime    Last Run               Last # of DB Queries
-------------------------------------  -----  ---------  --------  ----------  --------------  -------------------  ----------------------
/opt/airflow/dags/weather_pipeline.py                           1           0  0.31s           2024-11-25T15:01:26                      12
================================================================================
[2024-11-25T15:01:58.075+0000] {manager.py:997} INFO - 
================================================================================
DAG File Processing Stats

File Path                              PID    Runtime      # DAGs    # Errors  Last Runtime    Last Run               Last # of DB Queries
-------------------------------------  -----  ---------  --------  ----------  --------------  -------------------  ----------------------
/opt/airflow/dags/weather_pipeline.py                           1           0  0.31s           2024-11-25T15:01:58                      12
================================================================================
[2024-11-25T15:02:29.103+0000] {manager.py:821} INFO - Searching for files in /opt/airflow/dags
[2024-11-25T15:02:29.137+0000] {manager.py:824} INFO - There are 1 files in /opt/airflow/dags
[2024-11-25T15:02:29.556+0000] {manager.py:997} INFO - 
================================================================================
DAG File Processing Stats

File Path                              PID    Runtime      # DAGs    # Errors  Last Runtime    Last Run               Last # of DB Queries
-------------------------------------  -----  ---------  --------  ----------  --------------  -------------------  ----------------------
/opt/airflow/dags/weather_pipeline.py                           1           0  0.31s           2024-11-25T15:02:29                      12
================================================================================
[2024-11-25T15:03:00.471+0000] {manager.py:997} INFO - 
================================================================================
DAG File Processing Stats

File Path                              PID    Runtime      # DAGs    # Errors  Last Runtime    Last Run               Last # of DB Queries
-------------------------------------  -----  ---------  --------  ----------  --------------  -------------------  ----------------------
/opt/airflow/dags/weather_pipeline.py                           1           0  0.31s           2024-11-25T15:03:00                      12
================================================================================
[2024-11-25T15:03:31.125+0000] {manager.py:997} INFO - 
================================================================================
DAG File Processing Stats

File Path                              PID    Runtime      # DAGs    # Errors  Last Runtime    Last Run               Last # of DB Queries
-------------------------------------  -----  ---------  --------  ----------  --------------  -------------------  ----------------------
/opt/airflow/dags/weather_pipeline.py                           1           0  0.31s           2024-11-25T15:03:31                      12
================================================================================
[2024-11-25T15:04:01.532+0000] {manager.py:997} INFO - 
================================================================================
DAG File Processing Stats

File Path                              PID    Runtime      # DAGs    # Errors  Last Runtime    Last Run               Last # of DB Queries
-------------------------------------  -----  ---------  --------  ----------  --------------  -------------------  ----------------------
/opt/airflow/dags/weather_pipeline.py                           1           0  0.31s           2024-11-25T15:04:01                      12
================================================================================
[2024-11-25T15:04:32.205+0000] {manager.py:997} INFO - 
================================================================================
DAG File Processing Stats

File Path                              PID    Runtime      # DAGs    # Errors  Last Runtime    Last Run               Last # of DB Queries
-------------------------------------  -----  ---------  --------  ----------  --------------  -------------------  ----------------------
/opt/airflow/dags/weather_pipeline.py                           1           0  0.31s           2024-11-25T15:04:32                      12
================================================================================
[2024-11-25T15:05:03.047+0000] {manager.py:997} INFO - 
================================================================================
DAG File Processing Stats

File Path                              PID    Runtime      # DAGs    # Errors  Last Runtime    Last Run               Last # of DB Queries
-------------------------------------  -----  ---------  --------  ----------  --------------  -------------------  ----------------------
/opt/airflow/dags/weather_pipeline.py                           1           0  0.61s           2024-11-25T15:05:03                      12
================================================================================
[2024-11-25T15:05:33.813+0000] {manager.py:997} INFO - 
================================================================================
DAG File Processing Stats

File Path                              PID    Runtime      # DAGs    # Errors  Last Runtime    Last Run               Last # of DB Queries
-------------------------------------  -----  ---------  --------  ----------  --------------  -------------------  ----------------------
/opt/airflow/dags/weather_pipeline.py                           1           0  0.31s           2024-11-25T15:05:33                      12
================================================================================
[2024-11-25T15:06:04.386+0000] {manager.py:997} INFO - 
================================================================================
DAG File Processing Stats

File Path                              PID    Runtime      # DAGs    # Errors  Last Runtime    Last Run               Last # of DB Queries
-------------------------------------  -----  ---------  --------  ----------  --------------  -------------------  ----------------------
/opt/airflow/dags/weather_pipeline.py                           1           0  0.31s           2024-11-25T15:06:04                      12
================================================================================
[2024-11-25T15:06:35.153+0000] {manager.py:997} INFO - 
================================================================================
DAG File Processing Stats

File Path                              PID    Runtime      # DAGs    # Errors  Last Runtime    Last Run               Last # of DB Queries
-------------------------------------  -----  ---------  --------  ----------  --------------  -------------------  ----------------------
/opt/airflow/dags/weather_pipeline.py                           1           0  0.31s           2024-11-25T15:06:35                      12
================================================================================
[2024-11-25T15:07:05.661+0000] {manager.py:997} INFO - 
================================================================================
DAG File Processing Stats

File Path                              PID    Runtime      # DAGs    # Errors  Last Runtime    Last Run               Last # of DB Queries
-------------------------------------  -----  ---------  --------  ----------  --------------  -------------------  ----------------------
/opt/airflow/dags/weather_pipeline.py                           1           0  0.31s           2024-11-25T15:07:05                      12
================================================================================
[2024-11-25T15:07:29.309+0000] {manager.py:821} INFO - Searching for files in /opt/airflow/dags
[2024-11-25T15:07:29.342+0000] {manager.py:824} INFO - There are 1 files in /opt/airflow/dags
[2024-11-25T15:07:36.241+0000] {manager.py:997} INFO - 
================================================================================
DAG File Processing Stats

File Path                              PID    Runtime      # DAGs    # Errors  Last Runtime    Last Run               Last # of DB Queries
-------------------------------------  -----  ---------  --------  ----------  --------------  -------------------  ----------------------
/opt/airflow/dags/weather_pipeline.py                           1           0  0.31s           2024-11-25T15:07:36                      12
================================================================================
[2024-11-25T15:08:06.731+0000] {manager.py:997} INFO - 
================================================================================
DAG File Processing Stats

File Path                              PID    Runtime      # DAGs    # Errors  Last Runtime    Last Run               Last # of DB Queries
-------------------------------------  -----  ---------  --------  ----------  --------------  -------------------  ----------------------
/opt/airflow/dags/weather_pipeline.py                           1           0  0.31s           2024-11-25T15:08:06                      12
================================================================================
[2024-11-25T15:08:37.524+0000] {manager.py:997} INFO - 
================================================================================
DAG File Processing Stats

File Path                              PID    Runtime      # DAGs    # Errors  Last Runtime    Last Run               Last # of DB Queries
-------------------------------------  -----  ---------  --------  ----------  --------------  -------------------  ----------------------
/opt/airflow/dags/weather_pipeline.py                           1           0  0.41s           2024-11-25T15:08:37                      12
================================================================================
[2024-11-25T15:09:07.879+0000] {manager.py:997} INFO - 
================================================================================
DAG File Processing Stats

File Path                              PID    Runtime      # DAGs    # Errors  Last Runtime    Last Run               Last # of DB Queries
-------------------------------------  -----  ---------  --------  ----------  --------------  -------------------  ----------------------
/opt/airflow/dags/weather_pipeline.py                           1           0  0.31s           2024-11-25T15:09:07                      12
================================================================================
[2024-11-25T15:09:38.753+0000] {manager.py:997} INFO - 
================================================================================
DAG File Processing Stats

File Path                              PID    Runtime      # DAGs    # Errors  Last Runtime    Last Run               Last # of DB Queries
-------------------------------------  -----  ---------  --------  ----------  --------------  -------------------  ----------------------
/opt/airflow/dags/weather_pipeline.py                           1           0  0.61s           2024-11-25T15:09:38                      12
================================================================================
[2024-11-25T15:10:09.521+0000] {manager.py:997} INFO - 
================================================================================
DAG File Processing Stats

File Path                              PID    Runtime      # DAGs    # Errors  Last Runtime    Last Run               Last # of DB Queries
-------------------------------------  -----  ---------  --------  ----------  --------------  -------------------  ----------------------
/opt/airflow/dags/weather_pipeline.py                           1           0  0.31s           2024-11-25T15:10:09                      12
================================================================================
[2024-11-25T15:10:40.067+0000] {manager.py:997} INFO - 
================================================================================
DAG File Processing Stats

File Path                              PID    Runtime      # DAGs    # Errors  Last Runtime    Last Run               Last # of DB Queries
-------------------------------------  -----  ---------  --------  ----------  --------------  -------------------  ----------------------
/opt/airflow/dags/weather_pipeline.py                           1           0  0.31s           2024-11-25T15:10:40                      12
================================================================================
[2024-11-25T15:11:10.756+0000] {manager.py:997} INFO - 
================================================================================
DAG File Processing Stats

File Path                              PID    Runtime      # DAGs    # Errors  Last Runtime    Last Run               Last # of DB Queries
-------------------------------------  -----  ---------  --------  ----------  --------------  -------------------  ----------------------
/opt/airflow/dags/weather_pipeline.py                           1           0  0.41s           2024-11-25T15:11:10                      12
================================================================================
[2024-11-25T15:11:41.501+0000] {manager.py:997} INFO - 
================================================================================
DAG File Processing Stats

File Path                              PID    Runtime      # DAGs    # Errors  Last Runtime    Last Run               Last # of DB Queries
-------------------------------------  -----  ---------  --------  ----------  --------------  -------------------  ----------------------
/opt/airflow/dags/weather_pipeline.py                           1           0  0.41s           2024-11-25T15:11:41                      12
================================================================================
[2024-11-25T15:12:12.269+0000] {manager.py:997} INFO - 
================================================================================
DAG File Processing Stats

File Path                              PID    Runtime      # DAGs    # Errors  Last Runtime    Last Run               Last # of DB Queries
-------------------------------------  -----  ---------  --------  ----------  --------------  -------------------  ----------------------
/opt/airflow/dags/weather_pipeline.py                           1           0  0.51s           2024-11-25T15:12:12                      12
================================================================================
[2024-11-25T15:12:29.841+0000] {manager.py:821} INFO - Searching for files in /opt/airflow/dags
[2024-11-25T15:12:29.886+0000] {manager.py:824} INFO - There are 1 files in /opt/airflow/dags
[2024-11-25T15:12:42.804+0000] {manager.py:997} INFO - 
================================================================================
DAG File Processing Stats

File Path                              PID    Runtime      # DAGs    # Errors  Last Runtime    Last Run               Last # of DB Queries
-------------------------------------  -----  ---------  --------  ----------  --------------  -------------------  ----------------------
/opt/airflow/dags/weather_pipeline.py                           1           0  0.31s           2024-11-25T15:12:42                      12
================================================================================
[2024-11-25T15:13:13.520+0000] {manager.py:997} INFO - 
================================================================================
DAG File Processing Stats

File Path                              PID    Runtime      # DAGs    # Errors  Last Runtime    Last Run               Last # of DB Queries
-------------------------------------  -----  ---------  --------  ----------  --------------  -------------------  ----------------------
/opt/airflow/dags/weather_pipeline.py                           1           0  0.31s           2024-11-25T15:13:13                      12
================================================================================
[2024-11-25T15:13:43.542+0000] {manager.py:997} INFO - 
================================================================================
DAG File Processing Stats

File Path                              PID    Runtime      # DAGs    # Errors  Last Runtime    Last Run               Last # of DB Queries
-------------------------------------  -----  ---------  --------  ----------  --------------  -------------------  ----------------------
/opt/airflow/dags/weather_pipeline.py                           1           0  0.91s           2024-11-25T15:13:19                      34
================================================================================
[2024-11-25T15:14:13.557+0000] {manager.py:997} INFO - 
================================================================================
DAG File Processing Stats

File Path                              PID    Runtime      # DAGs    # Errors  Last Runtime    Last Run               Last # of DB Queries
-------------------------------------  -----  ---------  --------  ----------  --------------  -------------------  ----------------------
/opt/airflow/dags/weather_pipeline.py                           1           0  0.31s           2024-11-25T15:13:50                      12
================================================================================
[2024-11-25T15:14:43.766+0000] {manager.py:997} INFO - 
================================================================================
DAG File Processing Stats

File Path                              PID    Runtime      # DAGs    # Errors  Last Runtime    Last Run               Last # of DB Queries
-------------------------------------  -----  ---------  --------  ----------  --------------  -------------------  ----------------------
/opt/airflow/dags/weather_pipeline.py                           1           0  0.61s           2024-11-25T15:14:21                      12
================================================================================
[2024-11-25T15:15:14.083+0000] {manager.py:997} INFO - 
================================================================================
DAG File Processing Stats

File Path                              PID    Runtime      # DAGs    # Errors  Last Runtime    Last Run               Last # of DB Queries
-------------------------------------  -----  ---------  --------  ----------  --------------  -------------------  ----------------------
/opt/airflow/dags/weather_pipeline.py                           1           0  0.51s           2024-11-25T15:14:52                      12
================================================================================
[2024-11-25T15:15:44.364+0000] {manager.py:997} INFO - 
================================================================================
DAG File Processing Stats

File Path                              PID    Runtime      # DAGs    # Errors  Last Runtime    Last Run               Last # of DB Queries
-------------------------------------  -----  ---------  --------  ----------  --------------  -------------------  ----------------------
/opt/airflow/dags/weather_pipeline.py                           1           0  0.31s           2024-11-25T15:15:24                      12
================================================================================
[2024-11-25T15:16:14.668+0000] {manager.py:997} INFO - 
================================================================================
DAG File Processing Stats

File Path                              PID    Runtime      # DAGs    # Errors  Last Runtime    Last Run               Last # of DB Queries
-------------------------------------  -----  ---------  --------  ----------  --------------  -------------------  ----------------------
/opt/airflow/dags/weather_pipeline.py                           1           0  0.31s           2024-11-25T15:15:55                      12
================================================================================
[2024-11-25T15:16:49.928+0000] {manager.py:997} INFO - 
================================================================================
DAG File Processing Stats

File Path                              PID    Runtime      # DAGs    # Errors  Last Runtime    Last Run               Last # of DB Queries
-------------------------------------  -----  ---------  --------  ----------  --------------  -------------------  ----------------------
/opt/airflow/dags/weather_pipeline.py                           1           0  0.41s           2024-11-25T15:16:49                      12
================================================================================
[2024-11-25T15:17:20.854+0000] {manager.py:997} INFO - 
================================================================================
DAG File Processing Stats

File Path                              PID    Runtime      # DAGs    # Errors  Last Runtime    Last Run               Last # of DB Queries
-------------------------------------  -----  ---------  --------  ----------  --------------  -------------------  ----------------------
/opt/airflow/dags/weather_pipeline.py                           1           0  0.31s           2024-11-25T15:17:20                      12
================================================================================
[2024-11-25T15:17:29.933+0000] {manager.py:821} INFO - Searching for files in /opt/airflow/dags
[2024-11-25T15:17:29.978+0000] {manager.py:824} INFO - There are 1 files in /opt/airflow/dags
[2024-11-25T15:17:51.237+0000] {manager.py:997} INFO - 
================================================================================
DAG File Processing Stats

File Path                              PID    Runtime      # DAGs    # Errors  Last Runtime    Last Run               Last # of DB Queries
-------------------------------------  -----  ---------  --------  ----------  --------------  -------------------  ----------------------
/opt/airflow/dags/weather_pipeline.py                           1           0  0.31s           2024-11-25T15:17:51                      12
================================================================================
[2024-11-25T15:18:21.509+0000] {manager.py:997} INFO - 
================================================================================
DAG File Processing Stats

File Path                              PID    Runtime      # DAGs    # Errors  Last Runtime    Last Run               Last # of DB Queries
-------------------------------------  -----  ---------  --------  ----------  --------------  -------------------  ----------------------
/opt/airflow/dags/weather_pipeline.py                           1           0  0.31s           2024-11-25T15:17:56                      12
================================================================================
[2024-11-25T15:18:51.887+0000] {manager.py:997} INFO - 
================================================================================
DAG File Processing Stats

File Path                              PID    Runtime      # DAGs    # Errors  Last Runtime    Last Run               Last # of DB Queries
-------------------------------------  -----  ---------  --------  ----------  --------------  -------------------  ----------------------
/opt/airflow/dags/weather_pipeline.py                           1           0  0.31s           2024-11-25T15:18:27                      12
================================================================================
[2024-12-03T11:39:38.002+0000] {manager.py:483} INFO - Processing files using up to 1 processes at a time 
[2024-12-03T11:39:38.003+0000] {manager.py:484} INFO - Process each file at most once every 30 seconds
[2024-12-03T11:39:38.004+0000] {manager.py:485} INFO - Checking for new files in /opt/airflow/dags every 300 seconds
[2024-12-03T11:39:38.004+0000] {manager.py:821} INFO - Searching for files in /opt/airflow/dags
[2024-12-03T11:39:38.042+0000] {manager.py:824} INFO - There are 1 files in /opt/airflow/dags
[2024-12-03T11:39:41.240+0000] {manager.py:997} INFO - 
================================================================================
DAG File Processing Stats

File Path                              PID    Runtime      # DAGs    # Errors  Last Runtime    Last Run               Last # of DB Queries
-------------------------------------  -----  ---------  --------  ----------  --------------  -------------------  ----------------------
/opt/airflow/dags/weather_pipeline.py                           1           0  3.01s           2024-12-03T11:39:41                      34
================================================================================
[2024-12-03T11:40:12.922+0000] {manager.py:997} INFO - 
================================================================================
DAG File Processing Stats

File Path                              PID    Runtime      # DAGs    # Errors  Last Runtime    Last Run               Last # of DB Queries
-------------------------------------  -----  ---------  --------  ----------  --------------  -------------------  ----------------------
/opt/airflow/dags/weather_pipeline.py                           1           0  1.01s           2024-12-03T11:40:12                      12
================================================================================
[2024-12-03T11:40:44.728+0000] {manager.py:997} INFO - 
================================================================================
DAG File Processing Stats

File Path                              PID    Runtime      # DAGs    # Errors  Last Runtime    Last Run               Last # of DB Queries
-------------------------------------  -----  ---------  --------  ----------  --------------  -------------------  ----------------------
/opt/airflow/dags/weather_pipeline.py                           1           0  1.11s           2024-12-03T11:40:44                      12
================================================================================
[2024-12-03T11:41:16.222+0000] {manager.py:997} INFO - 
================================================================================
DAG File Processing Stats

File Path                              PID    Runtime      # DAGs    # Errors  Last Runtime    Last Run               Last # of DB Queries
-------------------------------------  -----  ---------  --------  ----------  --------------  -------------------  ----------------------
/opt/airflow/dags/weather_pipeline.py                           1           0  1.01s           2024-12-03T11:41:16                      12
================================================================================
[2024-12-03T11:41:47.713+0000] {manager.py:997} INFO - 
================================================================================
DAG File Processing Stats

File Path                              PID    Runtime      # DAGs    # Errors  Last Runtime    Last Run               Last # of DB Queries
-------------------------------------  -----  ---------  --------  ----------  --------------  -------------------  ----------------------
/opt/airflow/dags/weather_pipeline.py                           1           0  0.91s           2024-12-03T11:41:47                      12
================================================================================
[2024-12-03T11:42:19.520+0000] {manager.py:997} INFO - 
================================================================================
DAG File Processing Stats

File Path                              PID    Runtime      # DAGs    # Errors  Last Runtime    Last Run               Last # of DB Queries
-------------------------------------  -----  ---------  --------  ----------  --------------  -------------------  ----------------------
/opt/airflow/dags/weather_pipeline.py                           1           0  0.91s           2024-12-03T11:42:19                      12
================================================================================
[2024-12-03T11:42:51.127+0000] {manager.py:997} INFO - 
================================================================================
DAG File Processing Stats

File Path                              PID    Runtime      # DAGs    # Errors  Last Runtime    Last Run               Last # of DB Queries
-------------------------------------  -----  ---------  --------  ----------  --------------  -------------------  ----------------------
/opt/airflow/dags/weather_pipeline.py                           1           0  1.01s           2024-12-03T11:42:51                      12
================================================================================
[2024-12-03T11:43:22.610+0000] {manager.py:997} INFO - 
================================================================================
DAG File Processing Stats

File Path                              PID    Runtime      # DAGs    # Errors  Last Runtime    Last Run               Last # of DB Queries
-------------------------------------  -----  ---------  --------  ----------  --------------  -------------------  ----------------------
/opt/airflow/dags/weather_pipeline.py                           1           0  0.91s           2024-12-03T11:43:22                      12
================================================================================
[2024-12-03T11:43:53.890+0000] {manager.py:997} INFO - 
================================================================================
DAG File Processing Stats

File Path                              PID    Runtime      # DAGs    # Errors  Last Runtime    Last Run               Last # of DB Queries
-------------------------------------  -----  ---------  --------  ----------  --------------  -------------------  ----------------------
/opt/airflow/dags/weather_pipeline.py                           1           0  0.91s           2024-12-03T11:43:53                      12
================================================================================
[2024-12-03T11:44:25.189+0000] {manager.py:997} INFO - 
================================================================================
DAG File Processing Stats

File Path                              PID    Runtime      # DAGs    # Errors  Last Runtime    Last Run               Last # of DB Queries
-------------------------------------  -----  ---------  --------  ----------  --------------  -------------------  ----------------------
/opt/airflow/dags/weather_pipeline.py                           1           0  0.92s           2024-12-03T11:44:25                      12
================================================================================
[2024-12-03T11:44:38.081+0000] {manager.py:821} INFO - Searching for files in /opt/airflow/dags
[2024-12-03T11:44:38.111+0000] {manager.py:824} INFO - There are 1 files in /opt/airflow/dags
[2024-12-03T11:44:56.521+0000] {manager.py:997} INFO - 
================================================================================
DAG File Processing Stats

File Path                              PID    Runtime      # DAGs    # Errors  Last Runtime    Last Run               Last # of DB Queries
-------------------------------------  -----  ---------  --------  ----------  --------------  -------------------  ----------------------
/opt/airflow/dags/weather_pipeline.py                           1           0  1.11s           2024-12-03T11:44:56                      12
================================================================================
[2024-12-03T11:45:27.903+0000] {manager.py:997} INFO - 
================================================================================
DAG File Processing Stats

File Path                              PID    Runtime      # DAGs    # Errors  Last Runtime    Last Run               Last # of DB Queries
-------------------------------------  -----  ---------  --------  ----------  --------------  -------------------  ----------------------
/opt/airflow/dags/weather_pipeline.py                           1           0  1.01s           2024-12-03T11:45:27                      12
================================================================================
[2024-12-03T11:45:59.156+0000] {manager.py:997} INFO - 
================================================================================
DAG File Processing Stats

File Path                              PID    Runtime      # DAGs    # Errors  Last Runtime    Last Run               Last # of DB Queries
-------------------------------------  -----  ---------  --------  ----------  --------------  -------------------  ----------------------
/opt/airflow/dags/weather_pipeline.py                           1           0  1.01s           2024-12-03T11:45:59                      12
================================================================================
[2024-12-03T11:46:30.421+0000] {manager.py:997} INFO - 
================================================================================
DAG File Processing Stats

File Path                              PID    Runtime      # DAGs    # Errors  Last Runtime    Last Run               Last # of DB Queries
-------------------------------------  -----  ---------  --------  ----------  --------------  -------------------  ----------------------
/opt/airflow/dags/weather_pipeline.py                           1           0  1.01s           2024-12-03T11:46:30                      12
================================================================================
[2024-12-03T11:47:01.513+0000] {manager.py:997} INFO - 
================================================================================
DAG File Processing Stats

File Path                              PID    Runtime      # DAGs    # Errors  Last Runtime    Last Run               Last # of DB Queries
-------------------------------------  -----  ---------  --------  ----------  --------------  -------------------  ----------------------
/opt/airflow/dags/weather_pipeline.py                           1           0  1.01s           2024-12-03T11:47:01                      12
================================================================================
[2024-12-03T11:47:32.919+0000] {manager.py:997} INFO - 
================================================================================
DAG File Processing Stats

File Path                              PID    Runtime      # DAGs    # Errors  Last Runtime    Last Run               Last # of DB Queries
-------------------------------------  -----  ---------  --------  ----------  --------------  -------------------  ----------------------
/opt/airflow/dags/weather_pipeline.py                           1           0  0.91s           2024-12-03T11:47:32                      12
================================================================================
[2024-12-03T11:48:04.264+0000] {manager.py:997} INFO - 
================================================================================
DAG File Processing Stats

File Path                              PID    Runtime      # DAGs    # Errors  Last Runtime    Last Run               Last # of DB Queries
-------------------------------------  -----  ---------  --------  ----------  --------------  -------------------  ----------------------
/opt/airflow/dags/weather_pipeline.py                           1           0  0.91s           2024-12-03T11:48:04                      12
================================================================================
[2024-12-03T11:48:35.369+0000] {manager.py:997} INFO - 
================================================================================
DAG File Processing Stats

File Path                              PID    Runtime      # DAGs    # Errors  Last Runtime    Last Run               Last # of DB Queries
-------------------------------------  -----  ---------  --------  ----------  --------------  -------------------  ----------------------
/opt/airflow/dags/weather_pipeline.py                           1           0  1.01s           2024-12-03T11:48:35                      12
================================================================================
[2024-12-03T11:49:06.643+0000] {manager.py:997} INFO - 
================================================================================
DAG File Processing Stats

File Path                              PID    Runtime      # DAGs    # Errors  Last Runtime    Last Run               Last # of DB Queries
-------------------------------------  -----  ---------  --------  ----------  --------------  -------------------  ----------------------
/opt/airflow/dags/weather_pipeline.py                           1           0  1.01s           2024-12-03T11:49:06                      12
================================================================================
[2024-12-03T11:49:37.799+0000] {manager.py:997} INFO - 
================================================================================
DAG File Processing Stats

File Path                              PID    Runtime      # DAGs    # Errors  Last Runtime    Last Run               Last # of DB Queries
-------------------------------------  -----  ---------  --------  ----------  --------------  -------------------  ----------------------
/opt/airflow/dags/weather_pipeline.py                           1           0  0.92s           2024-12-03T11:49:37                      12
================================================================================
[2024-12-03T11:49:38.274+0000] {manager.py:821} INFO - Searching for files in /opt/airflow/dags
[2024-12-03T11:49:38.309+0000] {manager.py:824} INFO - There are 1 files in /opt/airflow/dags
[2024-12-03T11:50:08.962+0000] {manager.py:997} INFO - 
================================================================================
DAG File Processing Stats

File Path                              PID    Runtime      # DAGs    # Errors  Last Runtime    Last Run               Last # of DB Queries
-------------------------------------  -----  ---------  --------  ----------  --------------  -------------------  ----------------------
/opt/airflow/dags/weather_pipeline.py                           1           0  0.91s           2024-12-03T11:50:08                      12
================================================================================
[2024-12-03T11:50:40.397+0000] {manager.py:997} INFO - 
================================================================================
DAG File Processing Stats

File Path                              PID    Runtime      # DAGs    # Errors  Last Runtime    Last Run               Last # of DB Queries
-------------------------------------  -----  ---------  --------  ----------  --------------  -------------------  ----------------------
/opt/airflow/dags/weather_pipeline.py                           1           0  1.21s           2024-12-03T11:50:40                      12
================================================================================
[2024-12-03T11:51:11.795+0000] {manager.py:997} INFO - 
================================================================================
DAG File Processing Stats

File Path                              PID    Runtime      # DAGs    # Errors  Last Runtime    Last Run               Last # of DB Queries
-------------------------------------  -----  ---------  --------  ----------  --------------  -------------------  ----------------------
/opt/airflow/dags/weather_pipeline.py                           1           0  1.31s           2024-12-03T11:51:11                      12
================================================================================
[2024-12-03T11:51:43.074+0000] {manager.py:997} INFO - 
================================================================================
DAG File Processing Stats

File Path                              PID    Runtime      # DAGs    # Errors  Last Runtime    Last Run               Last # of DB Queries
-------------------------------------  -----  ---------  --------  ----------  --------------  -------------------  ----------------------
/opt/airflow/dags/weather_pipeline.py                           1           0  1.11s           2024-12-03T11:51:43                      12
================================================================================
[2024-12-03T11:52:14.544+0000] {manager.py:997} INFO - 
================================================================================
DAG File Processing Stats

File Path                              PID    Runtime      # DAGs    # Errors  Last Runtime    Last Run               Last # of DB Queries
-------------------------------------  -----  ---------  --------  ----------  --------------  -------------------  ----------------------
/opt/airflow/dags/weather_pipeline.py                           1           0  1.31s           2024-12-03T11:52:14                      12
================================================================================
[2024-12-03T11:52:46.027+0000] {manager.py:997} INFO - 
================================================================================
DAG File Processing Stats

File Path                              PID    Runtime      # DAGs    # Errors  Last Runtime    Last Run               Last # of DB Queries
-------------------------------------  -----  ---------  --------  ----------  --------------  -------------------  ----------------------
/opt/airflow/dags/weather_pipeline.py                           1           0  1.21s           2024-12-03T11:52:46                      12
================================================================================
[2024-12-03T11:53:17.990+0000] {manager.py:997} INFO - 
================================================================================
DAG File Processing Stats

File Path                              PID    Runtime      # DAGs    # Errors  Last Runtime    Last Run               Last # of DB Queries
-------------------------------------  -----  ---------  --------  ----------  --------------  -------------------  ----------------------
/opt/airflow/dags/weather_pipeline.py                           1           0  1.61s           2024-12-03T11:53:17                      12
================================================================================
[2024-12-03T11:53:49.408+0000] {manager.py:997} INFO - 
================================================================================
DAG File Processing Stats

File Path                              PID    Runtime      # DAGs    # Errors  Last Runtime    Last Run               Last # of DB Queries
-------------------------------------  -----  ---------  --------  ----------  --------------  -------------------  ----------------------
/opt/airflow/dags/weather_pipeline.py                           1           0  1.21s           2024-12-03T11:53:49                      12
================================================================================
[2024-12-03T11:54:22.107+0000] {manager.py:997} INFO - 
================================================================================
DAG File Processing Stats

File Path                              PID    Runtime      # DAGs    # Errors  Last Runtime    Last Run               Last # of DB Queries
-------------------------------------  -----  ---------  --------  ----------  --------------  -------------------  ----------------------
/opt/airflow/dags/weather_pipeline.py                           1           0  2.11s           2024-12-03T11:54:22                      12
================================================================================
[2024-12-03T11:54:38.499+0000] {manager.py:821} INFO - Searching for files in /opt/airflow/dags
[2024-12-03T11:54:38.548+0000] {manager.py:824} INFO - There are 1 files in /opt/airflow/dags
[2024-12-03T11:54:54.050+0000] {manager.py:997} INFO - 
================================================================================
DAG File Processing Stats

File Path                              PID    Runtime      # DAGs    # Errors  Last Runtime    Last Run               Last # of DB Queries
-------------------------------------  -----  ---------  --------  ----------  --------------  -------------------  ----------------------
/opt/airflow/dags/weather_pipeline.py                           1           0  1.41s           2024-12-03T11:54:54                      12
================================================================================
[2024-12-03T11:55:29.602+0000] {manager.py:997} INFO - 
================================================================================
DAG File Processing Stats

File Path                              PID    Runtime      # DAGs    # Errors  Last Runtime    Last Run               Last # of DB Queries
-------------------------------------  -----  ---------  --------  ----------  --------------  -------------------  ----------------------
/opt/airflow/dags/weather_pipeline.py                           1           0  5.02s           2024-12-03T11:55:29                      12
================================================================================
[2024-12-03T11:56:01.326+0000] {manager.py:997} INFO - 
================================================================================
DAG File Processing Stats

File Path                              PID    Runtime      # DAGs    # Errors  Last Runtime    Last Run               Last # of DB Queries
-------------------------------------  -----  ---------  --------  ----------  --------------  -------------------  ----------------------
/opt/airflow/dags/weather_pipeline.py                           1           0  1.01s           2024-12-03T11:56:01                      12
================================================================================
[2024-12-03T11:56:32.396+0000] {manager.py:997} INFO - 
================================================================================
DAG File Processing Stats

File Path                              PID    Runtime      # DAGs    # Errors  Last Runtime    Last Run               Last # of DB Queries
-------------------------------------  -----  ---------  --------  ----------  --------------  -------------------  ----------------------
/opt/airflow/dags/weather_pipeline.py                           1           0  0.91s           2024-12-03T11:56:32                      12
================================================================================
[2024-12-03T11:57:03.552+0000] {manager.py:997} INFO - 
================================================================================
DAG File Processing Stats

File Path                              PID    Runtime      # DAGs    # Errors  Last Runtime    Last Run               Last # of DB Queries
-------------------------------------  -----  ---------  --------  ----------  --------------  -------------------  ----------------------
/opt/airflow/dags/weather_pipeline.py                           1           0  0.91s           2024-12-03T11:57:03                      12
================================================================================
[2024-12-03T11:57:34.608+0000] {manager.py:997} INFO - 
================================================================================
DAG File Processing Stats

File Path                              PID    Runtime      # DAGs    # Errors  Last Runtime    Last Run               Last # of DB Queries
-------------------------------------  -----  ---------  --------  ----------  --------------  -------------------  ----------------------
/opt/airflow/dags/weather_pipeline.py                           1           0  0.91s           2024-12-03T11:57:34                      12
================================================================================
[2024-12-03T11:58:05.769+0000] {manager.py:997} INFO - 
================================================================================
DAG File Processing Stats

File Path                              PID    Runtime      # DAGs    # Errors  Last Runtime    Last Run               Last # of DB Queries
-------------------------------------  -----  ---------  --------  ----------  --------------  -------------------  ----------------------
/opt/airflow/dags/weather_pipeline.py                           1           0  0.91s           2024-12-03T11:58:05                      12
================================================================================
[2024-12-03T11:58:36.930+0000] {manager.py:997} INFO - 
================================================================================
DAG File Processing Stats

File Path                              PID    Runtime      # DAGs    # Errors  Last Runtime    Last Run               Last # of DB Queries
-------------------------------------  -----  ---------  --------  ----------  --------------  -------------------  ----------------------
/opt/airflow/dags/weather_pipeline.py                           1           0  0.91s           2024-12-03T11:58:36                      12
================================================================================
[2024-12-03T11:59:08.150+0000] {manager.py:997} INFO - 
================================================================================
DAG File Processing Stats

File Path                              PID    Runtime      # DAGs    # Errors  Last Runtime    Last Run               Last # of DB Queries
-------------------------------------  -----  ---------  --------  ----------  --------------  -------------------  ----------------------
/opt/airflow/dags/weather_pipeline.py                           1           0  1.01s           2024-12-03T11:59:08                      12
================================================================================
[2024-12-03T11:59:39.132+0000] {manager.py:997} INFO - 
================================================================================
DAG File Processing Stats

File Path                              PID    Runtime      # DAGs    # Errors  Last Runtime    Last Run               Last # of DB Queries
-------------------------------------  -----  ---------  --------  ----------  --------------  -------------------  ----------------------
/opt/airflow/dags/weather_pipeline.py                           1           0  0.71s           2024-12-03T11:59:39                      12
================================================================================
[2024-12-03T11:59:39.359+0000] {manager.py:821} INFO - Searching for files in /opt/airflow/dags
[2024-12-03T11:59:39.391+0000] {manager.py:824} INFO - There are 1 files in /opt/airflow/dags
