[2024-12-03T11:39:38.253+0000] {processor.py:186} INFO - Started process (PID=56) to work on /opt/airflow/dags/weather_pipeline.py
[2024-12-03T11:39:38.254+0000] {processor.py:914} INFO - Processing file /opt/airflow/dags/weather_pipeline.py for tasks to queue
[2024-12-03T11:39:38.258+0000] {logging_mixin.py:190} INFO - [2024-12-03T11:39:38.257+0000] {dagbag.py:588} INFO - Filling up the DagBag from /opt/airflow/dags/weather_pipeline.py
[2024-12-03T11:39:40.813+0000] {processor.py:925} INFO - DAG(s) 'weather_data_pipeline' retrieved from /opt/airflow/dags/weather_pipeline.py
[2024-12-03T11:39:41.004+0000] {logging_mixin.py:190} INFO - [2024-12-03T11:39:41.003+0000] {dag.py:3239} INFO - Sync 1 DAGs
[2024-12-03T11:39:41.038+0000] {logging_mixin.py:190} INFO - [2024-12-03T11:39:41.038+0000] {dag.py:4180} INFO - Setting next_dagrun for weather_data_pipeline to 2024-11-26 00:00:00+00:00, run_after=2024-11-27 00:00:00+00:00
[2024-12-03T11:39:41.208+0000] {processor.py:208} INFO - Processing /opt/airflow/dags/weather_pipeline.py took 2.963 seconds
[2024-12-03T11:40:11.941+0000] {processor.py:186} INFO - Started process (PID=78) to work on /opt/airflow/dags/weather_pipeline.py
[2024-12-03T11:40:11.942+0000] {processor.py:914} INFO - Processing file /opt/airflow/dags/weather_pipeline.py for tasks to queue
[2024-12-03T11:40:11.946+0000] {logging_mixin.py:190} INFO - [2024-12-03T11:40:11.946+0000] {dagbag.py:588} INFO - Filling up the DagBag from /opt/airflow/dags/weather_pipeline.py
[2024-12-03T11:40:12.560+0000] {processor.py:925} INFO - DAG(s) 'weather_data_pipeline' retrieved from /opt/airflow/dags/weather_pipeline.py
[2024-12-03T11:40:12.592+0000] {logging_mixin.py:190} INFO - [2024-12-03T11:40:12.592+0000] {dag.py:3239} INFO - Sync 1 DAGs
[2024-12-03T11:40:12.629+0000] {logging_mixin.py:190} INFO - [2024-12-03T11:40:12.629+0000] {dag.py:4180} INFO - Setting next_dagrun for weather_data_pipeline to 2024-11-26 00:00:00+00:00, run_after=2024-11-27 00:00:00+00:00
[2024-12-03T11:40:12.835+0000] {processor.py:208} INFO - Processing /opt/airflow/dags/weather_pipeline.py took 0.902 seconds
[2024-12-03T11:40:43.645+0000] {processor.py:186} INFO - Started process (PID=80) to work on /opt/airflow/dags/weather_pipeline.py
[2024-12-03T11:40:43.646+0000] {processor.py:914} INFO - Processing file /opt/airflow/dags/weather_pipeline.py for tasks to queue
[2024-12-03T11:40:43.650+0000] {logging_mixin.py:190} INFO - [2024-12-03T11:40:43.649+0000] {dagbag.py:588} INFO - Filling up the DagBag from /opt/airflow/dags/weather_pipeline.py
[2024-12-03T11:40:44.382+0000] {processor.py:925} INFO - DAG(s) 'weather_data_pipeline' retrieved from /opt/airflow/dags/weather_pipeline.py
[2024-12-03T11:40:44.427+0000] {logging_mixin.py:190} INFO - [2024-12-03T11:40:44.426+0000] {dag.py:3239} INFO - Sync 1 DAGs
[2024-12-03T11:40:44.463+0000] {logging_mixin.py:190} INFO - [2024-12-03T11:40:44.462+0000] {dag.py:4180} INFO - Setting next_dagrun for weather_data_pipeline to 2024-11-26 00:00:00+00:00, run_after=2024-11-27 00:00:00+00:00
[2024-12-03T11:40:44.671+0000] {processor.py:208} INFO - Processing /opt/airflow/dags/weather_pipeline.py took 1.034 seconds
[2024-12-03T11:41:15.243+0000] {processor.py:186} INFO - Started process (PID=82) to work on /opt/airflow/dags/weather_pipeline.py
[2024-12-03T11:41:15.244+0000] {processor.py:914} INFO - Processing file /opt/airflow/dags/weather_pipeline.py for tasks to queue
[2024-12-03T11:41:15.247+0000] {logging_mixin.py:190} INFO - [2024-12-03T11:41:15.247+0000] {dagbag.py:588} INFO - Filling up the DagBag from /opt/airflow/dags/weather_pipeline.py
[2024-12-03T11:41:15.864+0000] {processor.py:925} INFO - DAG(s) 'weather_data_pipeline' retrieved from /opt/airflow/dags/weather_pipeline.py
[2024-12-03T11:41:15.897+0000] {logging_mixin.py:190} INFO - [2024-12-03T11:41:15.897+0000] {dag.py:3239} INFO - Sync 1 DAGs
[2024-12-03T11:41:15.930+0000] {logging_mixin.py:190} INFO - [2024-12-03T11:41:15.929+0000] {dag.py:4180} INFO - Setting next_dagrun for weather_data_pipeline to 2024-11-26 00:00:00+00:00, run_after=2024-11-27 00:00:00+00:00
[2024-12-03T11:41:16.131+0000] {processor.py:208} INFO - Processing /opt/airflow/dags/weather_pipeline.py took 0.896 seconds
[2024-12-03T11:41:46.831+0000] {processor.py:186} INFO - Started process (PID=84) to work on /opt/airflow/dags/weather_pipeline.py
[2024-12-03T11:41:46.833+0000] {processor.py:914} INFO - Processing file /opt/airflow/dags/weather_pipeline.py for tasks to queue
[2024-12-03T11:41:46.836+0000] {logging_mixin.py:190} INFO - [2024-12-03T11:41:46.835+0000] {dagbag.py:588} INFO - Filling up the DagBag from /opt/airflow/dags/weather_pipeline.py
[2024-12-03T11:41:47.441+0000] {processor.py:925} INFO - DAG(s) 'weather_data_pipeline' retrieved from /opt/airflow/dags/weather_pipeline.py
[2024-12-03T11:41:47.475+0000] {logging_mixin.py:190} INFO - [2024-12-03T11:41:47.474+0000] {dag.py:3239} INFO - Sync 1 DAGs
[2024-12-03T11:41:47.513+0000] {logging_mixin.py:190} INFO - [2024-12-03T11:41:47.512+0000] {dag.py:4180} INFO - Setting next_dagrun for weather_data_pipeline to 2024-11-26 00:00:00+00:00, run_after=2024-11-27 00:00:00+00:00
[2024-12-03T11:41:47.697+0000] {processor.py:208} INFO - Processing /opt/airflow/dags/weather_pipeline.py took 0.874 seconds
[2024-12-03T11:42:18.638+0000] {processor.py:186} INFO - Started process (PID=86) to work on /opt/airflow/dags/weather_pipeline.py
[2024-12-03T11:42:18.640+0000] {processor.py:914} INFO - Processing file /opt/airflow/dags/weather_pipeline.py for tasks to queue
[2024-12-03T11:42:18.643+0000] {logging_mixin.py:190} INFO - [2024-12-03T11:42:18.643+0000] {dagbag.py:588} INFO - Filling up the DagBag from /opt/airflow/dags/weather_pipeline.py
[2024-12-03T11:42:19.232+0000] {processor.py:925} INFO - DAG(s) 'weather_data_pipeline' retrieved from /opt/airflow/dags/weather_pipeline.py
[2024-12-03T11:42:19.268+0000] {logging_mixin.py:190} INFO - [2024-12-03T11:42:19.267+0000] {dag.py:3239} INFO - Sync 1 DAGs
[2024-12-03T11:42:19.300+0000] {logging_mixin.py:190} INFO - [2024-12-03T11:42:19.300+0000] {dag.py:4180} INFO - Setting next_dagrun for weather_data_pipeline to 2024-11-26 00:00:00+00:00, run_after=2024-11-27 00:00:00+00:00
[2024-12-03T11:42:19.476+0000] {processor.py:208} INFO - Processing /opt/airflow/dags/weather_pipeline.py took 0.845 seconds
[2024-12-03T11:42:50.147+0000] {processor.py:186} INFO - Started process (PID=88) to work on /opt/airflow/dags/weather_pipeline.py
[2024-12-03T11:42:50.149+0000] {processor.py:914} INFO - Processing file /opt/airflow/dags/weather_pipeline.py for tasks to queue
[2024-12-03T11:42:50.152+0000] {logging_mixin.py:190} INFO - [2024-12-03T11:42:50.152+0000] {dagbag.py:588} INFO - Filling up the DagBag from /opt/airflow/dags/weather_pipeline.py
[2024-12-03T11:42:50.771+0000] {processor.py:925} INFO - DAG(s) 'weather_data_pipeline' retrieved from /opt/airflow/dags/weather_pipeline.py
[2024-12-03T11:42:50.804+0000] {logging_mixin.py:190} INFO - [2024-12-03T11:42:50.804+0000] {dag.py:3239} INFO - Sync 1 DAGs
[2024-12-03T11:42:50.837+0000] {logging_mixin.py:190} INFO - [2024-12-03T11:42:50.837+0000] {dag.py:4180} INFO - Setting next_dagrun for weather_data_pipeline to 2024-11-26 00:00:00+00:00, run_after=2024-11-27 00:00:00+00:00
[2024-12-03T11:42:51.040+0000] {processor.py:208} INFO - Processing /opt/airflow/dags/weather_pipeline.py took 0.900 seconds
[2024-12-03T11:43:21.729+0000] {processor.py:186} INFO - Started process (PID=90) to work on /opt/airflow/dags/weather_pipeline.py
[2024-12-03T11:43:21.731+0000] {processor.py:914} INFO - Processing file /opt/airflow/dags/weather_pipeline.py for tasks to queue
[2024-12-03T11:43:21.734+0000] {logging_mixin.py:190} INFO - [2024-12-03T11:43:21.733+0000] {dagbag.py:588} INFO - Filling up the DagBag from /opt/airflow/dags/weather_pipeline.py
[2024-12-03T11:43:22.284+0000] {processor.py:925} INFO - DAG(s) 'weather_data_pipeline' retrieved from /opt/airflow/dags/weather_pipeline.py
[2024-12-03T11:43:22.316+0000] {logging_mixin.py:190} INFO - [2024-12-03T11:43:22.316+0000] {dag.py:3239} INFO - Sync 1 DAGs
[2024-12-03T11:43:22.348+0000] {logging_mixin.py:190} INFO - [2024-12-03T11:43:22.347+0000] {dag.py:4180} INFO - Setting next_dagrun for weather_data_pipeline to 2024-11-26 00:00:00+00:00, run_after=2024-11-27 00:00:00+00:00
[2024-12-03T11:43:22.518+0000] {processor.py:208} INFO - Processing /opt/airflow/dags/weather_pipeline.py took 0.796 seconds
[2024-12-03T11:43:53.009+0000] {processor.py:186} INFO - Started process (PID=92) to work on /opt/airflow/dags/weather_pipeline.py
[2024-12-03T11:43:53.011+0000] {processor.py:914} INFO - Processing file /opt/airflow/dags/weather_pipeline.py for tasks to queue
[2024-12-03T11:43:53.015+0000] {logging_mixin.py:190} INFO - [2024-12-03T11:43:53.014+0000] {dagbag.py:588} INFO - Filling up the DagBag from /opt/airflow/dags/weather_pipeline.py
[2024-12-03T11:43:53.613+0000] {processor.py:925} INFO - DAG(s) 'weather_data_pipeline' retrieved from /opt/airflow/dags/weather_pipeline.py
[2024-12-03T11:43:53.646+0000] {logging_mixin.py:190} INFO - [2024-12-03T11:43:53.646+0000] {dag.py:3239} INFO - Sync 1 DAGs
[2024-12-03T11:43:53.680+0000] {logging_mixin.py:190} INFO - [2024-12-03T11:43:53.679+0000] {dag.py:4180} INFO - Setting next_dagrun for weather_data_pipeline to 2024-11-26 00:00:00+00:00, run_after=2024-11-27 00:00:00+00:00
[2024-12-03T11:43:53.859+0000] {processor.py:208} INFO - Processing /opt/airflow/dags/weather_pipeline.py took 0.857 seconds
[2024-12-03T11:44:24.296+0000] {processor.py:186} INFO - Started process (PID=94) to work on /opt/airflow/dags/weather_pipeline.py
[2024-12-03T11:44:24.298+0000] {processor.py:914} INFO - Processing file /opt/airflow/dags/weather_pipeline.py for tasks to queue
[2024-12-03T11:44:24.302+0000] {logging_mixin.py:190} INFO - [2024-12-03T11:44:24.301+0000] {dagbag.py:588} INFO - Filling up the DagBag from /opt/airflow/dags/weather_pipeline.py
[2024-12-03T11:44:24.924+0000] {processor.py:925} INFO - DAG(s) 'weather_data_pipeline' retrieved from /opt/airflow/dags/weather_pipeline.py
[2024-12-03T11:44:24.957+0000] {logging_mixin.py:190} INFO - [2024-12-03T11:44:24.956+0000] {dag.py:3239} INFO - Sync 1 DAGs
[2024-12-03T11:44:24.993+0000] {logging_mixin.py:190} INFO - [2024-12-03T11:44:24.992+0000] {dag.py:4180} INFO - Setting next_dagrun for weather_data_pipeline to 2024-11-26 00:00:00+00:00, run_after=2024-11-27 00:00:00+00:00
[2024-12-03T11:44:25.173+0000] {processor.py:208} INFO - Processing /opt/airflow/dags/weather_pipeline.py took 0.884 seconds
[2024-12-03T11:44:55.446+0000] {processor.py:186} INFO - Started process (PID=96) to work on /opt/airflow/dags/weather_pipeline.py
[2024-12-03T11:44:55.447+0000] {processor.py:914} INFO - Processing file /opt/airflow/dags/weather_pipeline.py for tasks to queue
[2024-12-03T11:44:55.455+0000] {logging_mixin.py:190} INFO - [2024-12-03T11:44:55.454+0000] {dagbag.py:588} INFO - Filling up the DagBag from /opt/airflow/dags/weather_pipeline.py
[2024-12-03T11:44:56.176+0000] {processor.py:925} INFO - DAG(s) 'weather_data_pipeline' retrieved from /opt/airflow/dags/weather_pipeline.py
[2024-12-03T11:44:56.214+0000] {logging_mixin.py:190} INFO - [2024-12-03T11:44:56.213+0000] {dag.py:3239} INFO - Sync 1 DAGs
[2024-12-03T11:44:56.255+0000] {logging_mixin.py:190} INFO - [2024-12-03T11:44:56.254+0000] {dag.py:4180} INFO - Setting next_dagrun for weather_data_pipeline to 2024-11-26 00:00:00+00:00, run_after=2024-11-27 00:00:00+00:00
[2024-12-03T11:44:56.425+0000] {processor.py:208} INFO - Processing /opt/airflow/dags/weather_pipeline.py took 0.992 seconds
[2024-12-03T11:45:26.923+0000] {processor.py:186} INFO - Started process (PID=98) to work on /opt/airflow/dags/weather_pipeline.py
[2024-12-03T11:45:26.925+0000] {processor.py:914} INFO - Processing file /opt/airflow/dags/weather_pipeline.py for tasks to queue
[2024-12-03T11:45:26.929+0000] {logging_mixin.py:190} INFO - [2024-12-03T11:45:26.928+0000] {dagbag.py:588} INFO - Filling up the DagBag from /opt/airflow/dags/weather_pipeline.py
[2024-12-03T11:45:27.601+0000] {processor.py:925} INFO - DAG(s) 'weather_data_pipeline' retrieved from /opt/airflow/dags/weather_pipeline.py
[2024-12-03T11:45:27.633+0000] {logging_mixin.py:190} INFO - [2024-12-03T11:45:27.633+0000] {dag.py:3239} INFO - Sync 1 DAGs
[2024-12-03T11:45:27.668+0000] {logging_mixin.py:190} INFO - [2024-12-03T11:45:27.667+0000] {dag.py:4180} INFO - Setting next_dagrun for weather_data_pipeline to 2024-11-26 00:00:00+00:00, run_after=2024-11-27 00:00:00+00:00
[2024-12-03T11:45:27.865+0000] {processor.py:208} INFO - Processing /opt/airflow/dags/weather_pipeline.py took 0.951 seconds
[2024-12-03T11:45:58.175+0000] {processor.py:186} INFO - Started process (PID=100) to work on /opt/airflow/dags/weather_pipeline.py
[2024-12-03T11:45:58.177+0000] {processor.py:914} INFO - Processing file /opt/airflow/dags/weather_pipeline.py for tasks to queue
[2024-12-03T11:45:58.181+0000] {logging_mixin.py:190} INFO - [2024-12-03T11:45:58.180+0000] {dagbag.py:588} INFO - Filling up the DagBag from /opt/airflow/dags/weather_pipeline.py
[2024-12-03T11:45:58.878+0000] {processor.py:925} INFO - DAG(s) 'weather_data_pipeline' retrieved from /opt/airflow/dags/weather_pipeline.py
[2024-12-03T11:45:58.914+0000] {logging_mixin.py:190} INFO - [2024-12-03T11:45:58.914+0000] {dag.py:3239} INFO - Sync 1 DAGs
[2024-12-03T11:45:58.949+0000] {logging_mixin.py:190} INFO - [2024-12-03T11:45:58.949+0000] {dag.py:4180} INFO - Setting next_dagrun for weather_data_pipeline to 2024-11-26 00:00:00+00:00, run_after=2024-11-27 00:00:00+00:00
[2024-12-03T11:45:59.127+0000] {processor.py:208} INFO - Processing /opt/airflow/dags/weather_pipeline.py took 0.960 seconds
[2024-12-03T11:46:29.445+0000] {processor.py:186} INFO - Started process (PID=102) to work on /opt/airflow/dags/weather_pipeline.py
[2024-12-03T11:46:29.447+0000] {processor.py:914} INFO - Processing file /opt/airflow/dags/weather_pipeline.py for tasks to queue
[2024-12-03T11:46:29.450+0000] {logging_mixin.py:190} INFO - [2024-12-03T11:46:29.450+0000] {dagbag.py:588} INFO - Filling up the DagBag from /opt/airflow/dags/weather_pipeline.py
[2024-12-03T11:46:30.121+0000] {processor.py:925} INFO - DAG(s) 'weather_data_pipeline' retrieved from /opt/airflow/dags/weather_pipeline.py
[2024-12-03T11:46:30.152+0000] {logging_mixin.py:190} INFO - [2024-12-03T11:46:30.151+0000] {dag.py:3239} INFO - Sync 1 DAGs
[2024-12-03T11:46:30.186+0000] {logging_mixin.py:190} INFO - [2024-12-03T11:46:30.186+0000] {dag.py:4180} INFO - Setting next_dagrun for weather_data_pipeline to 2024-11-26 00:00:00+00:00, run_after=2024-11-27 00:00:00+00:00
[2024-12-03T11:46:30.399+0000] {processor.py:208} INFO - Processing /opt/airflow/dags/weather_pipeline.py took 0.965 seconds
[2024-12-03T11:47:00.530+0000] {processor.py:186} INFO - Started process (PID=104) to work on /opt/airflow/dags/weather_pipeline.py
[2024-12-03T11:47:00.531+0000] {processor.py:914} INFO - Processing file /opt/airflow/dags/weather_pipeline.py for tasks to queue
[2024-12-03T11:47:00.534+0000] {logging_mixin.py:190} INFO - [2024-12-03T11:47:00.533+0000] {dagbag.py:588} INFO - Filling up the DagBag from /opt/airflow/dags/weather_pipeline.py
[2024-12-03T11:47:01.192+0000] {processor.py:925} INFO - DAG(s) 'weather_data_pipeline' retrieved from /opt/airflow/dags/weather_pipeline.py
[2024-12-03T11:47:01.233+0000] {logging_mixin.py:190} INFO - [2024-12-03T11:47:01.233+0000] {dag.py:3239} INFO - Sync 1 DAGs
[2024-12-03T11:47:01.267+0000] {logging_mixin.py:190} INFO - [2024-12-03T11:47:01.267+0000] {dag.py:4180} INFO - Setting next_dagrun for weather_data_pipeline to 2024-11-26 00:00:00+00:00, run_after=2024-11-27 00:00:00+00:00
[2024-12-03T11:47:01.454+0000] {processor.py:208} INFO - Processing /opt/airflow/dags/weather_pipeline.py took 0.932 seconds
[2024-12-03T11:47:32.038+0000] {processor.py:186} INFO - Started process (PID=106) to work on /opt/airflow/dags/weather_pipeline.py
[2024-12-03T11:47:32.039+0000] {processor.py:914} INFO - Processing file /opt/airflow/dags/weather_pipeline.py for tasks to queue
[2024-12-03T11:47:32.042+0000] {logging_mixin.py:190} INFO - [2024-12-03T11:47:32.042+0000] {dagbag.py:588} INFO - Filling up the DagBag from /opt/airflow/dags/weather_pipeline.py
[2024-12-03T11:47:32.645+0000] {processor.py:925} INFO - DAG(s) 'weather_data_pipeline' retrieved from /opt/airflow/dags/weather_pipeline.py
[2024-12-03T11:47:32.678+0000] {logging_mixin.py:190} INFO - [2024-12-03T11:47:32.678+0000] {dag.py:3239} INFO - Sync 1 DAGs
[2024-12-03T11:47:32.713+0000] {logging_mixin.py:190} INFO - [2024-12-03T11:47:32.713+0000] {dag.py:4180} INFO - Setting next_dagrun for weather_data_pipeline to 2024-11-26 00:00:00+00:00, run_after=2024-11-27 00:00:00+00:00
[2024-12-03T11:47:32.892+0000] {processor.py:208} INFO - Processing /opt/airflow/dags/weather_pipeline.py took 0.861 seconds
[2024-12-03T11:48:03.382+0000] {processor.py:186} INFO - Started process (PID=108) to work on /opt/airflow/dags/weather_pipeline.py
[2024-12-03T11:48:03.383+0000] {processor.py:914} INFO - Processing file /opt/airflow/dags/weather_pipeline.py for tasks to queue
[2024-12-03T11:48:03.386+0000] {logging_mixin.py:190} INFO - [2024-12-03T11:48:03.386+0000] {dagbag.py:588} INFO - Filling up the DagBag from /opt/airflow/dags/weather_pipeline.py
[2024-12-03T11:48:03.979+0000] {processor.py:925} INFO - DAG(s) 'weather_data_pipeline' retrieved from /opt/airflow/dags/weather_pipeline.py
[2024-12-03T11:48:04.011+0000] {logging_mixin.py:190} INFO - [2024-12-03T11:48:04.011+0000] {dag.py:3239} INFO - Sync 1 DAGs
[2024-12-03T11:48:04.044+0000] {logging_mixin.py:190} INFO - [2024-12-03T11:48:04.044+0000] {dag.py:4180} INFO - Setting next_dagrun for weather_data_pipeline to 2024-11-26 00:00:00+00:00, run_after=2024-11-27 00:00:00+00:00
[2024-12-03T11:48:04.221+0000] {processor.py:208} INFO - Processing /opt/airflow/dags/weather_pipeline.py took 0.846 seconds
[2024-12-03T11:48:34.389+0000] {processor.py:186} INFO - Started process (PID=110) to work on /opt/airflow/dags/weather_pipeline.py
[2024-12-03T11:48:34.390+0000] {processor.py:914} INFO - Processing file /opt/airflow/dags/weather_pipeline.py for tasks to queue
[2024-12-03T11:48:34.395+0000] {logging_mixin.py:190} INFO - [2024-12-03T11:48:34.394+0000] {dagbag.py:588} INFO - Filling up the DagBag from /opt/airflow/dags/weather_pipeline.py
[2024-12-03T11:48:35.006+0000] {processor.py:925} INFO - DAG(s) 'weather_data_pipeline' retrieved from /opt/airflow/dags/weather_pipeline.py
[2024-12-03T11:48:35.040+0000] {logging_mixin.py:190} INFO - [2024-12-03T11:48:35.040+0000] {dag.py:3239} INFO - Sync 1 DAGs
[2024-12-03T11:48:35.073+0000] {logging_mixin.py:190} INFO - [2024-12-03T11:48:35.073+0000] {dag.py:4180} INFO - Setting next_dagrun for weather_data_pipeline to 2024-11-26 00:00:00+00:00, run_after=2024-11-27 00:00:00+00:00
[2024-12-03T11:48:35.284+0000] {processor.py:208} INFO - Processing /opt/airflow/dags/weather_pipeline.py took 0.903 seconds
[2024-12-03T11:49:05.660+0000] {processor.py:186} INFO - Started process (PID=112) to work on /opt/airflow/dags/weather_pipeline.py
[2024-12-03T11:49:05.662+0000] {processor.py:914} INFO - Processing file /opt/airflow/dags/weather_pipeline.py for tasks to queue
[2024-12-03T11:49:05.665+0000] {logging_mixin.py:190} INFO - [2024-12-03T11:49:05.664+0000] {dagbag.py:588} INFO - Filling up the DagBag from /opt/airflow/dags/weather_pipeline.py
[2024-12-03T11:49:06.280+0000] {processor.py:925} INFO - DAG(s) 'weather_data_pipeline' retrieved from /opt/airflow/dags/weather_pipeline.py
[2024-12-03T11:49:06.332+0000] {logging_mixin.py:190} INFO - [2024-12-03T11:49:06.332+0000] {dag.py:3239} INFO - Sync 1 DAGs
[2024-12-03T11:49:06.367+0000] {logging_mixin.py:190} INFO - [2024-12-03T11:49:06.366+0000] {dag.py:4180} INFO - Setting next_dagrun for weather_data_pipeline to 2024-11-26 00:00:00+00:00, run_after=2024-11-27 00:00:00+00:00
[2024-12-03T11:49:06.562+0000] {processor.py:208} INFO - Processing /opt/airflow/dags/weather_pipeline.py took 0.909 seconds
[2024-12-03T11:49:36.906+0000] {processor.py:186} INFO - Started process (PID=114) to work on /opt/airflow/dags/weather_pipeline.py
[2024-12-03T11:49:36.908+0000] {processor.py:914} INFO - Processing file /opt/airflow/dags/weather_pipeline.py for tasks to queue
[2024-12-03T11:49:36.911+0000] {logging_mixin.py:190} INFO - [2024-12-03T11:49:36.911+0000] {dagbag.py:588} INFO - Filling up the DagBag from /opt/airflow/dags/weather_pipeline.py
[2024-12-03T11:49:37.518+0000] {processor.py:925} INFO - DAG(s) 'weather_data_pipeline' retrieved from /opt/airflow/dags/weather_pipeline.py
[2024-12-03T11:49:37.555+0000] {logging_mixin.py:190} INFO - [2024-12-03T11:49:37.554+0000] {dag.py:3239} INFO - Sync 1 DAGs
[2024-12-03T11:49:37.595+0000] {logging_mixin.py:190} INFO - [2024-12-03T11:49:37.595+0000] {dag.py:4180} INFO - Setting next_dagrun for weather_data_pipeline to 2024-11-26 00:00:00+00:00, run_after=2024-11-27 00:00:00+00:00
[2024-12-03T11:49:37.786+0000] {processor.py:208} INFO - Processing /opt/airflow/dags/weather_pipeline.py took 0.888 seconds
[2024-12-03T11:50:08.080+0000] {processor.py:186} INFO - Started process (PID=116) to work on /opt/airflow/dags/weather_pipeline.py
[2024-12-03T11:50:08.081+0000] {processor.py:914} INFO - Processing file /opt/airflow/dags/weather_pipeline.py for tasks to queue
[2024-12-03T11:50:08.085+0000] {logging_mixin.py:190} INFO - [2024-12-03T11:50:08.084+0000] {dagbag.py:588} INFO - Filling up the DagBag from /opt/airflow/dags/weather_pipeline.py
[2024-12-03T11:50:08.697+0000] {processor.py:925} INFO - DAG(s) 'weather_data_pipeline' retrieved from /opt/airflow/dags/weather_pipeline.py
[2024-12-03T11:50:08.726+0000] {logging_mixin.py:190} INFO - [2024-12-03T11:50:08.726+0000] {dag.py:3239} INFO - Sync 1 DAGs
[2024-12-03T11:50:08.761+0000] {logging_mixin.py:190} INFO - [2024-12-03T11:50:08.761+0000] {dag.py:4180} INFO - Setting next_dagrun for weather_data_pipeline to 2024-11-26 00:00:00+00:00, run_after=2024-11-27 00:00:00+00:00
[2024-12-03T11:50:08.948+0000] {processor.py:208} INFO - Processing /opt/airflow/dags/weather_pipeline.py took 0.876 seconds
[2024-12-03T11:50:39.211+0000] {processor.py:186} INFO - Started process (PID=118) to work on /opt/airflow/dags/weather_pipeline.py
[2024-12-03T11:50:39.213+0000] {processor.py:914} INFO - Processing file /opt/airflow/dags/weather_pipeline.py for tasks to queue
[2024-12-03T11:50:39.223+0000] {logging_mixin.py:190} INFO - [2024-12-03T11:50:39.222+0000] {dagbag.py:588} INFO - Filling up the DagBag from /opt/airflow/dags/weather_pipeline.py
[2024-12-03T11:50:40.078+0000] {processor.py:925} INFO - DAG(s) 'weather_data_pipeline' retrieved from /opt/airflow/dags/weather_pipeline.py
[2024-12-03T11:50:40.119+0000] {logging_mixin.py:190} INFO - [2024-12-03T11:50:40.118+0000] {dag.py:3239} INFO - Sync 1 DAGs
[2024-12-03T11:50:40.163+0000] {logging_mixin.py:190} INFO - [2024-12-03T11:50:40.163+0000] {dag.py:4180} INFO - Setting next_dagrun for weather_data_pipeline to 2024-11-26 00:00:00+00:00, run_after=2024-11-27 00:00:00+00:00
[2024-12-03T11:50:40.382+0000] {processor.py:208} INFO - Processing /opt/airflow/dags/weather_pipeline.py took 1.181 seconds
[2024-12-03T11:51:10.515+0000] {processor.py:186} INFO - Started process (PID=120) to work on /opt/airflow/dags/weather_pipeline.py
[2024-12-03T11:51:10.517+0000] {processor.py:914} INFO - Processing file /opt/airflow/dags/weather_pipeline.py for tasks to queue
[2024-12-03T11:51:10.522+0000] {logging_mixin.py:190} INFO - [2024-12-03T11:51:10.521+0000] {dagbag.py:588} INFO - Filling up the DagBag from /opt/airflow/dags/weather_pipeline.py
[2024-12-03T11:51:11.479+0000] {processor.py:925} INFO - DAG(s) 'weather_data_pipeline' retrieved from /opt/airflow/dags/weather_pipeline.py
[2024-12-03T11:51:11.521+0000] {logging_mixin.py:190} INFO - [2024-12-03T11:51:11.520+0000] {dag.py:3239} INFO - Sync 1 DAGs
[2024-12-03T11:51:11.562+0000] {logging_mixin.py:190} INFO - [2024-12-03T11:51:11.562+0000] {dag.py:4180} INFO - Setting next_dagrun for weather_data_pipeline to 2024-11-26 00:00:00+00:00, run_after=2024-11-27 00:00:00+00:00
[2024-12-03T11:51:11.762+0000] {processor.py:208} INFO - Processing /opt/airflow/dags/weather_pipeline.py took 1.257 seconds
[2024-12-03T11:51:41.992+0000] {processor.py:186} INFO - Started process (PID=122) to work on /opt/airflow/dags/weather_pipeline.py
[2024-12-03T11:51:41.993+0000] {processor.py:914} INFO - Processing file /opt/airflow/dags/weather_pipeline.py for tasks to queue
[2024-12-03T11:51:41.998+0000] {logging_mixin.py:190} INFO - [2024-12-03T11:51:41.997+0000] {dagbag.py:588} INFO - Filling up the DagBag from /opt/airflow/dags/weather_pipeline.py
[2024-12-03T11:51:42.724+0000] {processor.py:925} INFO - DAG(s) 'weather_data_pipeline' retrieved from /opt/airflow/dags/weather_pipeline.py
[2024-12-03T11:51:42.821+0000] {logging_mixin.py:190} INFO - [2024-12-03T11:51:42.819+0000] {dag.py:3239} INFO - Sync 1 DAGs
[2024-12-03T11:51:42.864+0000] {logging_mixin.py:190} INFO - [2024-12-03T11:51:42.863+0000] {dag.py:4180} INFO - Setting next_dagrun for weather_data_pipeline to 2024-11-26 00:00:00+00:00, run_after=2024-11-27 00:00:00+00:00
[2024-12-03T11:51:43.047+0000] {processor.py:208} INFO - Processing /opt/airflow/dags/weather_pipeline.py took 1.063 seconds
[2024-12-03T11:52:13.268+0000] {processor.py:186} INFO - Started process (PID=124) to work on /opt/airflow/dags/weather_pipeline.py
[2024-12-03T11:52:13.269+0000] {processor.py:914} INFO - Processing file /opt/airflow/dags/weather_pipeline.py for tasks to queue
[2024-12-03T11:52:13.273+0000] {logging_mixin.py:190} INFO - [2024-12-03T11:52:13.273+0000] {dagbag.py:588} INFO - Filling up the DagBag from /opt/airflow/dags/weather_pipeline.py
[2024-12-03T11:52:14.138+0000] {processor.py:925} INFO - DAG(s) 'weather_data_pipeline' retrieved from /opt/airflow/dags/weather_pipeline.py
[2024-12-03T11:52:14.174+0000] {logging_mixin.py:190} INFO - [2024-12-03T11:52:14.173+0000] {dag.py:3239} INFO - Sync 1 DAGs
[2024-12-03T11:52:14.217+0000] {logging_mixin.py:190} INFO - [2024-12-03T11:52:14.217+0000] {dag.py:4180} INFO - Setting next_dagrun for weather_data_pipeline to 2024-11-26 00:00:00+00:00, run_after=2024-11-27 00:00:00+00:00
[2024-12-03T11:52:14.443+0000] {processor.py:208} INFO - Processing /opt/airflow/dags/weather_pipeline.py took 1.187 seconds
[2024-12-03T11:52:44.850+0000] {processor.py:186} INFO - Started process (PID=126) to work on /opt/airflow/dags/weather_pipeline.py
[2024-12-03T11:52:44.852+0000] {processor.py:914} INFO - Processing file /opt/airflow/dags/weather_pipeline.py for tasks to queue
[2024-12-03T11:52:44.855+0000] {logging_mixin.py:190} INFO - [2024-12-03T11:52:44.855+0000] {dagbag.py:588} INFO - Filling up the DagBag from /opt/airflow/dags/weather_pipeline.py
[2024-12-03T11:52:45.684+0000] {processor.py:925} INFO - DAG(s) 'weather_data_pipeline' retrieved from /opt/airflow/dags/weather_pipeline.py
[2024-12-03T11:52:45.722+0000] {logging_mixin.py:190} INFO - [2024-12-03T11:52:45.721+0000] {dag.py:3239} INFO - Sync 1 DAGs
[2024-12-03T11:52:45.767+0000] {logging_mixin.py:190} INFO - [2024-12-03T11:52:45.767+0000] {dag.py:4180} INFO - Setting next_dagrun for weather_data_pipeline to 2024-11-26 00:00:00+00:00, run_after=2024-11-27 00:00:00+00:00
[2024-12-03T11:52:45.952+0000] {processor.py:208} INFO - Processing /opt/airflow/dags/weather_pipeline.py took 1.113 seconds
[2024-12-03T11:53:16.422+0000] {processor.py:186} INFO - Started process (PID=128) to work on /opt/airflow/dags/weather_pipeline.py
[2024-12-03T11:53:16.423+0000] {processor.py:914} INFO - Processing file /opt/airflow/dags/weather_pipeline.py for tasks to queue
[2024-12-03T11:53:16.430+0000] {logging_mixin.py:190} INFO - [2024-12-03T11:53:16.428+0000] {dagbag.py:588} INFO - Filling up the DagBag from /opt/airflow/dags/weather_pipeline.py
[2024-12-03T11:53:17.512+0000] {processor.py:925} INFO - DAG(s) 'weather_data_pipeline' retrieved from /opt/airflow/dags/weather_pipeline.py
[2024-12-03T11:53:17.559+0000] {logging_mixin.py:190} INFO - [2024-12-03T11:53:17.558+0000] {dag.py:3239} INFO - Sync 1 DAGs
[2024-12-03T11:53:17.607+0000] {logging_mixin.py:190} INFO - [2024-12-03T11:53:17.607+0000] {dag.py:4180} INFO - Setting next_dagrun for weather_data_pipeline to 2024-11-26 00:00:00+00:00, run_after=2024-11-27 00:00:00+00:00
[2024-12-03T11:53:17.899+0000] {processor.py:208} INFO - Processing /opt/airflow/dags/weather_pipeline.py took 1.491 seconds
[2024-12-03T11:53:48.234+0000] {processor.py:186} INFO - Started process (PID=132) to work on /opt/airflow/dags/weather_pipeline.py
[2024-12-03T11:53:48.235+0000] {processor.py:914} INFO - Processing file /opt/airflow/dags/weather_pipeline.py for tasks to queue
[2024-12-03T11:53:48.243+0000] {logging_mixin.py:190} INFO - [2024-12-03T11:53:48.242+0000] {dagbag.py:588} INFO - Filling up the DagBag from /opt/airflow/dags/weather_pipeline.py
[2024-12-03T11:53:49.049+0000] {processor.py:925} INFO - DAG(s) 'weather_data_pipeline' retrieved from /opt/airflow/dags/weather_pipeline.py
[2024-12-03T11:53:49.090+0000] {logging_mixin.py:190} INFO - [2024-12-03T11:53:49.090+0000] {dag.py:3239} INFO - Sync 1 DAGs
[2024-12-03T11:53:49.129+0000] {logging_mixin.py:190} INFO - [2024-12-03T11:53:49.129+0000] {dag.py:4180} INFO - Setting next_dagrun for weather_data_pipeline to 2024-11-26 00:00:00+00:00, run_after=2024-11-27 00:00:00+00:00
[2024-12-03T11:53:49.363+0000] {processor.py:208} INFO - Processing /opt/airflow/dags/weather_pipeline.py took 1.142 seconds
[2024-12-03T11:54:20.035+0000] {processor.py:186} INFO - Started process (PID=134) to work on /opt/airflow/dags/weather_pipeline.py
[2024-12-03T11:54:20.037+0000] {processor.py:914} INFO - Processing file /opt/airflow/dags/weather_pipeline.py for tasks to queue
[2024-12-03T11:54:20.043+0000] {logging_mixin.py:190} INFO - [2024-12-03T11:54:20.042+0000] {dagbag.py:588} INFO - Filling up the DagBag from /opt/airflow/dags/weather_pipeline.py
[2024-12-03T11:54:21.494+0000] {processor.py:925} INFO - DAG(s) 'weather_data_pipeline' retrieved from /opt/airflow/dags/weather_pipeline.py
[2024-12-03T11:54:21.579+0000] {logging_mixin.py:190} INFO - [2024-12-03T11:54:21.578+0000] {dag.py:3239} INFO - Sync 1 DAGs
[2024-12-03T11:54:21.847+0000] {logging_mixin.py:190} INFO - [2024-12-03T11:54:21.847+0000] {dag.py:4180} INFO - Setting next_dagrun for weather_data_pipeline to 2024-11-26 00:00:00+00:00, run_after=2024-11-27 00:00:00+00:00
[2024-12-03T11:54:22.082+0000] {processor.py:208} INFO - Processing /opt/airflow/dags/weather_pipeline.py took 2.062 seconds
[2024-12-03T11:54:52.672+0000] {processor.py:186} INFO - Started process (PID=136) to work on /opt/airflow/dags/weather_pipeline.py
[2024-12-03T11:54:52.673+0000] {processor.py:914} INFO - Processing file /opt/airflow/dags/weather_pipeline.py for tasks to queue
[2024-12-03T11:54:52.680+0000] {logging_mixin.py:190} INFO - [2024-12-03T11:54:52.678+0000] {dagbag.py:588} INFO - Filling up the DagBag from /opt/airflow/dags/weather_pipeline.py
[2024-12-03T11:54:53.584+0000] {processor.py:925} INFO - DAG(s) 'weather_data_pipeline' retrieved from /opt/airflow/dags/weather_pipeline.py
[2024-12-03T11:54:53.622+0000] {logging_mixin.py:190} INFO - [2024-12-03T11:54:53.621+0000] {dag.py:3239} INFO - Sync 1 DAGs
[2024-12-03T11:54:53.674+0000] {logging_mixin.py:190} INFO - [2024-12-03T11:54:53.673+0000] {dag.py:4180} INFO - Setting next_dagrun for weather_data_pipeline to 2024-11-26 00:00:00+00:00, run_after=2024-11-27 00:00:00+00:00
[2024-12-03T11:54:53.971+0000] {processor.py:208} INFO - Processing /opt/airflow/dags/weather_pipeline.py took 1.309 seconds
[2024-12-03T11:55:24.610+0000] {processor.py:186} INFO - Started process (PID=138) to work on /opt/airflow/dags/weather_pipeline.py
[2024-12-03T11:55:24.612+0000] {processor.py:914} INFO - Processing file /opt/airflow/dags/weather_pipeline.py for tasks to queue
[2024-12-03T11:55:24.615+0000] {logging_mixin.py:190} INFO - [2024-12-03T11:55:24.615+0000] {dagbag.py:588} INFO - Filling up the DagBag from /opt/airflow/dags/weather_pipeline.py
[2024-12-03T11:55:25.486+0000] {processor.py:925} INFO - DAG(s) 'weather_data_pipeline' retrieved from /opt/airflow/dags/weather_pipeline.py
[2024-12-03T11:55:25.687+0000] {logging_mixin.py:190} INFO - [2024-12-03T11:55:25.686+0000] {dag.py:3239} INFO - Sync 1 DAGs
[2024-12-03T11:55:26.113+0000] {logging_mixin.py:190} INFO - [2024-12-03T11:55:26.113+0000] {dag.py:4180} INFO - Setting next_dagrun for weather_data_pipeline to 2024-11-26 00:00:00+00:00, run_after=2024-11-27 00:00:00+00:00
[2024-12-03T11:55:29.586+0000] {processor.py:208} INFO - Processing /opt/airflow/dags/weather_pipeline.py took 4.985 seconds
[2024-12-03T11:56:00.344+0000] {processor.py:186} INFO - Started process (PID=141) to work on /opt/airflow/dags/weather_pipeline.py
[2024-12-03T11:56:00.346+0000] {processor.py:914} INFO - Processing file /opt/airflow/dags/weather_pipeline.py for tasks to queue
[2024-12-03T11:56:00.349+0000] {logging_mixin.py:190} INFO - [2024-12-03T11:56:00.349+0000] {dagbag.py:588} INFO - Filling up the DagBag from /opt/airflow/dags/weather_pipeline.py
[2024-12-03T11:56:00.989+0000] {processor.py:925} INFO - DAG(s) 'weather_data_pipeline' retrieved from /opt/airflow/dags/weather_pipeline.py
[2024-12-03T11:56:01.040+0000] {logging_mixin.py:190} INFO - [2024-12-03T11:56:01.039+0000] {dag.py:3239} INFO - Sync 1 DAGs
[2024-12-03T11:56:01.085+0000] {logging_mixin.py:190} INFO - [2024-12-03T11:56:01.085+0000] {dag.py:4180} INFO - Setting next_dagrun for weather_data_pipeline to 2024-11-26 00:00:00+00:00, run_after=2024-11-27 00:00:00+00:00
[2024-12-03T11:56:01.268+0000] {processor.py:208} INFO - Processing /opt/airflow/dags/weather_pipeline.py took 0.932 seconds
[2024-12-03T11:56:31.515+0000] {processor.py:186} INFO - Started process (PID=143) to work on /opt/airflow/dags/weather_pipeline.py
[2024-12-03T11:56:31.516+0000] {processor.py:914} INFO - Processing file /opt/airflow/dags/weather_pipeline.py for tasks to queue
[2024-12-03T11:56:31.520+0000] {logging_mixin.py:190} INFO - [2024-12-03T11:56:31.519+0000] {dagbag.py:588} INFO - Filling up the DagBag from /opt/airflow/dags/weather_pipeline.py
[2024-12-03T11:56:32.078+0000] {processor.py:925} INFO - DAG(s) 'weather_data_pipeline' retrieved from /opt/airflow/dags/weather_pipeline.py
[2024-12-03T11:56:32.111+0000] {logging_mixin.py:190} INFO - [2024-12-03T11:56:32.110+0000] {dag.py:3239} INFO - Sync 1 DAGs
[2024-12-03T11:56:32.145+0000] {logging_mixin.py:190} INFO - [2024-12-03T11:56:32.145+0000] {dag.py:4180} INFO - Setting next_dagrun for weather_data_pipeline to 2024-11-26 00:00:00+00:00, run_after=2024-11-27 00:00:00+00:00
[2024-12-03T11:56:32.338+0000] {processor.py:208} INFO - Processing /opt/airflow/dags/weather_pipeline.py took 0.830 seconds
[2024-12-03T11:57:02.671+0000] {processor.py:186} INFO - Started process (PID=145) to work on /opt/airflow/dags/weather_pipeline.py
[2024-12-03T11:57:02.672+0000] {processor.py:914} INFO - Processing file /opt/airflow/dags/weather_pipeline.py for tasks to queue
[2024-12-03T11:57:02.676+0000] {logging_mixin.py:190} INFO - [2024-12-03T11:57:02.675+0000] {dagbag.py:588} INFO - Filling up the DagBag from /opt/airflow/dags/weather_pipeline.py
[2024-12-03T11:57:03.241+0000] {processor.py:925} INFO - DAG(s) 'weather_data_pipeline' retrieved from /opt/airflow/dags/weather_pipeline.py
[2024-12-03T11:57:03.275+0000] {logging_mixin.py:190} INFO - [2024-12-03T11:57:03.274+0000] {dag.py:3239} INFO - Sync 1 DAGs
[2024-12-03T11:57:03.309+0000] {logging_mixin.py:190} INFO - [2024-12-03T11:57:03.309+0000] {dag.py:4180} INFO - Setting next_dagrun for weather_data_pipeline to 2024-11-26 00:00:00+00:00, run_after=2024-11-27 00:00:00+00:00
[2024-12-03T11:57:03.486+0000] {processor.py:208} INFO - Processing /opt/airflow/dags/weather_pipeline.py took 0.823 seconds
[2024-12-03T11:57:33.726+0000] {processor.py:186} INFO - Started process (PID=147) to work on /opt/airflow/dags/weather_pipeline.py
[2024-12-03T11:57:33.728+0000] {processor.py:914} INFO - Processing file /opt/airflow/dags/weather_pipeline.py for tasks to queue
[2024-12-03T11:57:33.731+0000] {logging_mixin.py:190} INFO - [2024-12-03T11:57:33.731+0000] {dagbag.py:588} INFO - Filling up the DagBag from /opt/airflow/dags/weather_pipeline.py
[2024-12-03T11:57:34.284+0000] {processor.py:925} INFO - DAG(s) 'weather_data_pipeline' retrieved from /opt/airflow/dags/weather_pipeline.py
[2024-12-03T11:57:34.315+0000] {logging_mixin.py:190} INFO - [2024-12-03T11:57:34.315+0000] {dag.py:3239} INFO - Sync 1 DAGs
[2024-12-03T11:57:34.349+0000] {logging_mixin.py:190} INFO - [2024-12-03T11:57:34.349+0000] {dag.py:4180} INFO - Setting next_dagrun for weather_data_pipeline to 2024-11-26 00:00:00+00:00, run_after=2024-11-27 00:00:00+00:00
[2024-12-03T11:57:34.538+0000] {processor.py:208} INFO - Processing /opt/airflow/dags/weather_pipeline.py took 0.819 seconds
[2024-12-03T11:58:04.888+0000] {processor.py:186} INFO - Started process (PID=149) to work on /opt/airflow/dags/weather_pipeline.py
[2024-12-03T11:58:04.889+0000] {processor.py:914} INFO - Processing file /opt/airflow/dags/weather_pipeline.py for tasks to queue
[2024-12-03T11:58:04.893+0000] {logging_mixin.py:190} INFO - [2024-12-03T11:58:04.892+0000] {dagbag.py:588} INFO - Filling up the DagBag from /opt/airflow/dags/weather_pipeline.py
[2024-12-03T11:58:05.472+0000] {processor.py:925} INFO - DAG(s) 'weather_data_pipeline' retrieved from /opt/airflow/dags/weather_pipeline.py
[2024-12-03T11:58:05.503+0000] {logging_mixin.py:190} INFO - [2024-12-03T11:58:05.503+0000] {dag.py:3239} INFO - Sync 1 DAGs
[2024-12-03T11:58:05.536+0000] {logging_mixin.py:190} INFO - [2024-12-03T11:58:05.536+0000] {dag.py:4180} INFO - Setting next_dagrun for weather_data_pipeline to 2024-11-26 00:00:00+00:00, run_after=2024-11-27 00:00:00+00:00
[2024-12-03T11:58:05.721+0000] {processor.py:208} INFO - Processing /opt/airflow/dags/weather_pipeline.py took 0.841 seconds
[2024-12-03T11:58:36.048+0000] {processor.py:186} INFO - Started process (PID=151) to work on /opt/airflow/dags/weather_pipeline.py
[2024-12-03T11:58:36.049+0000] {processor.py:914} INFO - Processing file /opt/airflow/dags/weather_pipeline.py for tasks to queue
[2024-12-03T11:58:36.052+0000] {logging_mixin.py:190} INFO - [2024-12-03T11:58:36.052+0000] {dagbag.py:588} INFO - Filling up the DagBag from /opt/airflow/dags/weather_pipeline.py
[2024-12-03T11:58:36.620+0000] {processor.py:925} INFO - DAG(s) 'weather_data_pipeline' retrieved from /opt/airflow/dags/weather_pipeline.py
[2024-12-03T11:58:36.653+0000] {logging_mixin.py:190} INFO - [2024-12-03T11:58:36.652+0000] {dag.py:3239} INFO - Sync 1 DAGs
[2024-12-03T11:58:36.686+0000] {logging_mixin.py:190} INFO - [2024-12-03T11:58:36.686+0000] {dag.py:4180} INFO - Setting next_dagrun for weather_data_pipeline to 2024-11-26 00:00:00+00:00, run_after=2024-11-27 00:00:00+00:00
[2024-12-03T11:58:36.882+0000] {processor.py:208} INFO - Processing /opt/airflow/dags/weather_pipeline.py took 0.841 seconds
[2024-12-03T11:59:07.169+0000] {processor.py:186} INFO - Started process (PID=153) to work on /opt/airflow/dags/weather_pipeline.py
[2024-12-03T11:59:07.170+0000] {processor.py:914} INFO - Processing file /opt/airflow/dags/weather_pipeline.py for tasks to queue
[2024-12-03T11:59:07.174+0000] {logging_mixin.py:190} INFO - [2024-12-03T11:59:07.173+0000] {dagbag.py:588} INFO - Filling up the DagBag from /opt/airflow/dags/weather_pipeline.py
[2024-12-03T11:59:07.764+0000] {processor.py:925} INFO - DAG(s) 'weather_data_pipeline' retrieved from /opt/airflow/dags/weather_pipeline.py
[2024-12-03T11:59:07.796+0000] {logging_mixin.py:190} INFO - [2024-12-03T11:59:07.796+0000] {dag.py:3239} INFO - Sync 1 DAGs
[2024-12-03T11:59:07.830+0000] {logging_mixin.py:190} INFO - [2024-12-03T11:59:07.829+0000] {dag.py:4180} INFO - Setting next_dagrun for weather_data_pipeline to 2024-11-26 00:00:00+00:00, run_after=2024-11-27 00:00:00+00:00
[2024-12-03T11:59:08.052+0000] {processor.py:208} INFO - Processing /opt/airflow/dags/weather_pipeline.py took 0.892 seconds
[2024-12-03T11:59:38.456+0000] {processor.py:186} INFO - Started process (PID=155) to work on /opt/airflow/dags/weather_pipeline.py
[2024-12-03T11:59:38.458+0000] {processor.py:914} INFO - Processing file /opt/airflow/dags/weather_pipeline.py for tasks to queue
[2024-12-03T11:59:38.461+0000] {logging_mixin.py:190} INFO - [2024-12-03T11:59:38.461+0000] {dagbag.py:588} INFO - Filling up the DagBag from /opt/airflow/dags/weather_pipeline.py
[2024-12-03T11:59:38.863+0000] {processor.py:925} INFO - DAG(s) 'weather_data_pipeline' retrieved from /opt/airflow/dags/weather_pipeline.py
[2024-12-03T11:59:38.900+0000] {logging_mixin.py:190} INFO - [2024-12-03T11:59:38.899+0000] {dag.py:3239} INFO - Sync 1 DAGs
[2024-12-03T11:59:38.937+0000] {logging_mixin.py:190} INFO - [2024-12-03T11:59:38.936+0000] {dag.py:4180} INFO - Setting next_dagrun for weather_data_pipeline to 2024-11-26 00:00:00+00:00, run_after=2024-11-27 00:00:00+00:00
[2024-12-03T11:59:39.121+0000] {processor.py:208} INFO - Processing /opt/airflow/dags/weather_pipeline.py took 0.674 seconds
